[0.382s] Invoking command in '/home/nrrr/ros2Learn/mycode/L3/topic_ws/src/demo_python_topic': DEBUGINFOD_URLS=https://debuginfod.ubuntu.com PYTHONPATH=/home/nrrr/ros2Learn/mycode/L3/topic_ws/build/demo_python_topic/prefix_override:/usr/lib/python3/dist-packages/colcon_core/task/python/colcon_distutils_commands:/home/nrrr/ros2Learn/mycode/L3/topic_ws/install/demo_python_topic/lib/python3.12/site-packages:${PYTHONPATH} /usr/bin/python3 -W ignore:setup.py install is deprecated -W ignore:easy_install command is deprecated setup.py egg_info --egg-base ../../build/demo_python_topic build --build-base /home/nrrr/ros2Learn/mycode/L3/topic_ws/build/demo_python_topic/build install --record /home/nrrr/ros2Learn/mycode/L3/topic_ws/build/demo_python_topic/install.log --single-version-externally-managed install_data
[0.521s] running egg_info
[0.529s] writing ../../build/demo_python_topic/demo_python_topic.egg-info/PKG-INFO
[0.530s] writing dependency_links to ../../build/demo_python_topic/demo_python_topic.egg-info/dependency_links.txt
[0.530s] writing entry points to ../../build/demo_python_topic/demo_python_topic.egg-info/entry_points.txt
[0.530s] writing requirements to ../../build/demo_python_topic/demo_python_topic.egg-info/requires.txt
[0.530s] writing top-level names to ../../build/demo_python_topic/demo_python_topic.egg-info/top_level.txt
[0.548s] reading manifest file '../../build/demo_python_topic/demo_python_topic.egg-info/SOURCES.txt'
[0.548s] adding license file 'LICENSE'
[0.549s] writing manifest file '../../build/demo_python_topic/demo_python_topic.egg-info/SOURCES.txt'
[0.549s] running build
[0.549s] running build_py
[0.549s] copying demo_python_topic/novel_sub_node2.py -> /home/nrrr/ros2Learn/mycode/L3/topic_ws/build/demo_python_topic/build/lib/demo_python_topic
[0.549s] running install
[0.553s] running install_lib
[0.562s] copying /home/nrrr/ros2Learn/mycode/L3/topic_ws/build/demo_python_topic/build/lib/demo_python_topic/novel_sub_node2.py -> /home/nrrr/ros2Learn/mycode/L3/topic_ws/install/demo_python_topic/lib/python3.12/site-packages/demo_python_topic
[0.563s] byte-compiling /home/nrrr/ros2Learn/mycode/L3/topic_ws/install/demo_python_topic/lib/python3.12/site-packages/demo_python_topic/novel_sub_node2.py to novel_sub_node2.cpython-312.pyc
[0.563s] running install_data
[0.563s] running install_egg_info
[0.573s] removing '/home/nrrr/ros2Learn/mycode/L3/topic_ws/install/demo_python_topic/lib/python3.12/site-packages/demo_python_topic-0.0.0-py3.12.egg-info' (and everything under it)
[0.573s] Copying ../../build/demo_python_topic/demo_python_topic.egg-info to /home/nrrr/ros2Learn/mycode/L3/topic_ws/install/demo_python_topic/lib/python3.12/site-packages/demo_python_topic-0.0.0-py3.12.egg-info
[0.574s] running install_scripts
[0.638s] Installing novel_pub_node script to /home/nrrr/ros2Learn/mycode/L3/topic_ws/install/demo_python_topic/lib/demo_python_topic
[0.638s] Installing novel_sub_node script to /home/nrrr/ros2Learn/mycode/L3/topic_ws/install/demo_python_topic/lib/demo_python_topic
[0.639s] Installing novel_sub_node2 script to /home/nrrr/ros2Learn/mycode/L3/topic_ws/install/demo_python_topic/lib/demo_python_topic
[0.639s] writing list of installed files to '/home/nrrr/ros2Learn/mycode/L3/topic_ws/build/demo_python_topic/install.log'
[0.653s] Invoked command in '/home/nrrr/ros2Learn/mycode/L3/topic_ws/src/demo_python_topic' returned '0': DEBUGINFOD_URLS=https://debuginfod.ubuntu.com PYTHONPATH=/home/nrrr/ros2Learn/mycode/L3/topic_ws/build/demo_python_topic/prefix_override:/usr/lib/python3/dist-packages/colcon_core/task/python/colcon_distutils_commands:/home/nrrr/ros2Learn/mycode/L3/topic_ws/install/demo_python_topic/lib/python3.12/site-packages:${PYTHONPATH} /usr/bin/python3 -W ignore:setup.py install is deprecated -W ignore:easy_install command is deprecated setup.py egg_info --egg-base ../../build/demo_python_topic build --build-base /home/nrrr/ros2Learn/mycode/L3/topic_ws/build/demo_python_topic/build install --record /home/nrrr/ros2Learn/mycode/L3/topic_ws/build/demo_python_topic/install.log --single-version-externally-managed install_data
