[0.368s] Invoking command in '/home/nrrr/ros2Learn/mycode/L3/topic_ws/src/demo_python_topic': DEBUGINFOD_URLS=https://debuginfod.ubuntu.com PYTHONPATH=/home/nrrr/ros2Learn/mycode/L3/topic_ws/build/demo_python_topic/prefix_override:/usr/lib/python3/dist-packages/colcon_core/task/python/colcon_distutils_commands:/home/nrrr/ros2Learn/mycode/L3/topic_ws/install/demo_python_topic/lib/python3.12/site-packages:${PYTHONPATH} /usr/bin/python3 -W ignore:setup.py install is deprecated -W ignore:easy_install command is deprecated setup.py egg_info --egg-base ../../build/demo_python_topic build --build-base /home/nrrr/ros2Learn/mycode/L3/topic_ws/build/demo_python_topic/build install --record /home/nrrr/ros2Learn/mycode/L3/topic_ws/build/demo_python_topic/install.log --single-version-externally-managed install_data
[0.490s] running egg_info
[0.498s] writing ../../build/demo_python_topic/demo_python_topic.egg-info/PKG-INFO
[0.498s] writing dependency_links to ../../build/demo_python_topic/demo_python_topic.egg-info/dependency_links.txt
[0.498s] writing entry points to ../../build/demo_python_topic/demo_python_topic.egg-info/entry_points.txt
[0.498s] writing requirements to ../../build/demo_python_topic/demo_python_topic.egg-info/requires.txt
[0.498s] writing top-level names to ../../build/demo_python_topic/demo_python_topic.egg-info/top_level.txt
[0.513s] reading manifest file '../../build/demo_python_topic/demo_python_topic.egg-info/SOURCES.txt'
[0.513s] adding license file 'LICENSE'
[0.514s] writing manifest file '../../build/demo_python_topic/demo_python_topic.egg-info/SOURCES.txt'
[0.514s] running build
[0.514s] running build_py
[0.514s] copying demo_python_topic/novel_sub_node.py -> /home/nrrr/ros2Learn/mycode/L3/topic_ws/build/demo_python_topic/build/lib/demo_python_topic
[0.514s] running install
[0.518s] running install_lib
[0.525s] copying /home/nrrr/ros2Learn/mycode/L3/topic_ws/build/demo_python_topic/build/lib/demo_python_topic/novel_sub_node.py -> /home/nrrr/ros2Learn/mycode/L3/topic_ws/install/demo_python_topic/lib/python3.12/site-packages/demo_python_topic
[0.525s] byte-compiling /home/nrrr/ros2Learn/mycode/L3/topic_ws/install/demo_python_topic/lib/python3.12/site-packages/demo_python_topic/novel_sub_node.py to novel_sub_node.cpython-312.pyc
[0.526s] running install_data
[0.526s] running install_egg_info
[0.535s] removing '/home/nrrr/ros2Learn/mycode/L3/topic_ws/install/demo_python_topic/lib/python3.12/site-packages/demo_python_topic-0.0.0-py3.12.egg-info' (and everything under it)
[0.535s] Copying ../../build/demo_python_topic/demo_python_topic.egg-info to /home/nrrr/ros2Learn/mycode/L3/topic_ws/install/demo_python_topic/lib/python3.12/site-packages/demo_python_topic-0.0.0-py3.12.egg-info
[0.535s] running install_scripts
[0.588s] Installing novel_pub_node script to /home/nrrr/ros2Learn/mycode/L3/topic_ws/install/demo_python_topic/lib/demo_python_topic
[0.588s] Installing novel_sub_node script to /home/nrrr/ros2Learn/mycode/L3/topic_ws/install/demo_python_topic/lib/demo_python_topic
[0.588s] writing list of installed files to '/home/nrrr/ros2Learn/mycode/L3/topic_ws/build/demo_python_topic/install.log'
[0.601s] Invoked command in '/home/nrrr/ros2Learn/mycode/L3/topic_ws/src/demo_python_topic' returned '0': DEBUGINFOD_URLS=https://debuginfod.ubuntu.com PYTHONPATH=/home/nrrr/ros2Learn/mycode/L3/topic_ws/build/demo_python_topic/prefix_override:/usr/lib/python3/dist-packages/colcon_core/task/python/colcon_distutils_commands:/home/nrrr/ros2Learn/mycode/L3/topic_ws/install/demo_python_topic/lib/python3.12/site-packages:${PYTHONPATH} /usr/bin/python3 -W ignore:setup.py install is deprecated -W ignore:easy_install command is deprecated setup.py egg_info --egg-base ../../build/demo_python_topic build --build-base /home/nrrr/ros2Learn/mycode/L3/topic_ws/build/demo_python_topic/build install --record /home/nrrr/ros2Learn/mycode/L3/topic_ws/build/demo_python_topic/install.log --single-version-externally-managed install_data
