[0.365s] Invoking command in '/home/nrrr/ros2Learn/mycode/L2/L2_ws/src/demo_python_pkg': DEBUGINFOD_URLS=https://debuginfod.ubuntu.com PYTHONPATH=/home/nrrr/ros2Learn/mycode/L2/L2_ws/build/demo_python_pkg/prefix_override:/usr/lib/python3/dist-packages/colcon_core/task/python/colcon_distutils_commands:/home/nrrr/ros2Learn/mycode/L2/L2_ws/install/demo_python_pkg/lib/python3.12/site-packages:${PYTHONPATH} /usr/bin/python3 -W ignore:setup.py install is deprecated -W ignore:easy_install command is deprecated setup.py egg_info --egg-base ../../build/demo_python_pkg build --build-base /home/nrrr/ros2Learn/mycode/L2/L2_ws/build/demo_python_pkg/build install --record /home/nrrr/ros2Learn/mycode/L2/L2_ws/build/demo_python_pkg/install.log --single-version-externally-managed install_data
[0.489s] running egg_info
[0.496s] writing ../../build/demo_python_pkg/demo_python_pkg.egg-info/PKG-INFO
[0.496s] writing dependency_links to ../../build/demo_python_pkg/demo_python_pkg.egg-info/dependency_links.txt
[0.497s] writing entry points to ../../build/demo_python_pkg/demo_python_pkg.egg-info/entry_points.txt
[0.497s] writing requirements to ../../build/demo_python_pkg/demo_python_pkg.egg-info/requires.txt
[0.497s] writing top-level names to ../../build/demo_python_pkg/demo_python_pkg.egg-info/top_level.txt
[0.512s] reading manifest file '../../build/demo_python_pkg/demo_python_pkg.egg-info/SOURCES.txt'
[0.512s] adding license file 'LICENSE'
[0.512s] writing manifest file '../../build/demo_python_pkg/demo_python_pkg.egg-info/SOURCES.txt'
[0.513s] running build
[0.513s] running build_py
[0.513s] copying demo_python_pkg/writer_node.py -> /home/nrrr/ros2Learn/mycode/L2/L2_ws/build/demo_python_pkg/build/lib/demo_python_pkg
[0.513s] running install
[0.516s] running install_lib
[0.524s] copying /home/nrrr/ros2Learn/mycode/L2/L2_ws/build/demo_python_pkg/build/lib/demo_python_pkg/writer_node.py -> /home/nrrr/ros2Learn/mycode/L2/L2_ws/install/demo_python_pkg/lib/python3.12/site-packages/demo_python_pkg
[0.524s] byte-compiling /home/nrrr/ros2Learn/mycode/L2/L2_ws/install/demo_python_pkg/lib/python3.12/site-packages/demo_python_pkg/writer_node.py to writer_node.cpython-312.pyc
[0.525s] running install_data
[0.525s] running install_egg_info
[0.533s] removing '/home/nrrr/ros2Learn/mycode/L2/L2_ws/install/demo_python_pkg/lib/python3.12/site-packages/demo_python_pkg-0.0.0-py3.12.egg-info' (and everything under it)
[0.533s] Copying ../../build/demo_python_pkg/demo_python_pkg.egg-info to /home/nrrr/ros2Learn/mycode/L2/L2_ws/install/demo_python_pkg/lib/python3.12/site-packages/demo_python_pkg-0.0.0-py3.12.egg-info
[0.534s] running install_scripts
[0.587s] Installing person_node2 script to /home/nrrr/ros2Learn/mycode/L2/L2_ws/install/demo_python_pkg/lib/demo_python_pkg
[0.588s] Installing python_node script to /home/nrrr/ros2Learn/mycode/L2/L2_ws/install/demo_python_pkg/lib/demo_python_pkg
[0.588s] Installing writer_node script to /home/nrrr/ros2Learn/mycode/L2/L2_ws/install/demo_python_pkg/lib/demo_python_pkg
[0.588s] writing list of installed files to '/home/nrrr/ros2Learn/mycode/L2/L2_ws/build/demo_python_pkg/install.log'
[0.600s] Invoked command in '/home/nrrr/ros2Learn/mycode/L2/L2_ws/src/demo_python_pkg' returned '0': DEBUGINFOD_URLS=https://debuginfod.ubuntu.com PYTHONPATH=/home/nrrr/ros2Learn/mycode/L2/L2_ws/build/demo_python_pkg/prefix_override:/usr/lib/python3/dist-packages/colcon_core/task/python/colcon_distutils_commands:/home/nrrr/ros2Learn/mycode/L2/L2_ws/install/demo_python_pkg/lib/python3.12/site-packages:${PYTHONPATH} /usr/bin/python3 -W ignore:setup.py install is deprecated -W ignore:easy_install command is deprecated setup.py egg_info --egg-base ../../build/demo_python_pkg build --build-base /home/nrrr/ros2Learn/mycode/L2/L2_ws/build/demo_python_pkg/build install --record /home/nrrr/ros2Learn/mycode/L2/L2_ws/build/demo_python_pkg/install.log --single-version-externally-managed install_data
