[0.511s] Invoking command in '/home/nrrr/ros2Learn/mycode/L3/topic_ws/src/demo_python_topic': DEBUGINFOD_URLS=https://debuginfod.ubuntu.com PYTHONPATH=/home/nrrr/ros2Learn/mycode/L3/topic_ws/build/demo_python_topic/prefix_override:/usr/lib/python3/dist-packages/colcon_core/task/python/colcon_distutils_commands:/home/nrrr/ros2Learn/mycode/L3/topic_ws/install/demo_python_topic/lib/python3.12/site-packages:${PYTHONPATH} /usr/bin/python3 -W ignore:setup.py install is deprecated -W ignore:easy_install command is deprecated setup.py egg_info --egg-base ../../build/demo_python_topic build --build-base /home/nrrr/ros2Learn/mycode/L3/topic_ws/build/demo_python_topic/build install --record /home/nrrr/ros2Learn/mycode/L3/topic_ws/build/demo_python_topic/install.log --single-version-externally-managed install_data
[0.641s] running egg_info
[0.641s] creating ../../build/demo_python_topic/demo_python_topic.egg-info
[0.649s] writing ../../build/demo_python_topic/demo_python_topic.egg-info/PKG-INFO
[0.649s] writing dependency_links to ../../build/demo_python_topic/demo_python_topic.egg-info/dependency_links.txt
[0.650s] writing requirements to ../../build/demo_python_topic/demo_python_topic.egg-info/requires.txt
[0.650s] writing top-level names to ../../build/demo_python_topic/demo_python_topic.egg-info/top_level.txt
[0.650s] writing manifest file '../../build/demo_python_topic/demo_python_topic.egg-info/SOURCES.txt'
[0.666s] reading manifest file '../../build/demo_python_topic/demo_python_topic.egg-info/SOURCES.txt'
[0.666s] adding license file 'LICENSE'
[0.666s] writing manifest file '../../build/demo_python_topic/demo_python_topic.egg-info/SOURCES.txt'
[0.666s] running build
[0.666s] running build_py
[0.667s] creating /home/nrrr/ros2Learn/mycode/L3/topic_ws/build/demo_python_topic/build
[0.667s] creating /home/nrrr/ros2Learn/mycode/L3/topic_ws/build/demo_python_topic/build/lib
[0.667s] creating /home/nrrr/ros2Learn/mycode/L3/topic_ws/build/demo_python_topic/build/lib/demo_python_topic
[0.667s] copying demo_python_topic/__init__.py -> /home/nrrr/ros2Learn/mycode/L3/topic_ws/build/demo_python_topic/build/lib/demo_python_topic
[0.667s] running install
[0.670s] running install_lib
[0.678s] creating /home/nrrr/ros2Learn/mycode/L3/topic_ws/install/demo_python_topic/lib/python3.12/site-packages/demo_python_topic
[0.678s] copying /home/nrrr/ros2Learn/mycode/L3/topic_ws/build/demo_python_topic/build/lib/demo_python_topic/__init__.py -> /home/nrrr/ros2Learn/mycode/L3/topic_ws/install/demo_python_topic/lib/python3.12/site-packages/demo_python_topic
[0.679s] byte-compiling /home/nrrr/ros2Learn/mycode/L3/topic_ws/install/demo_python_topic/lib/python3.12/site-packages/demo_python_topic/__init__.py to __init__.cpython-312.pyc
[0.679s] running install_data
[0.679s] creating /home/nrrr/ros2Learn/mycode/L3/topic_ws/install/demo_python_topic/share/ament_index
[0.679s] creating /home/nrrr/ros2Learn/mycode/L3/topic_ws/install/demo_python_topic/share/ament_index/resource_index
[0.679s] creating /home/nrrr/ros2Learn/mycode/L3/topic_ws/install/demo_python_topic/share/ament_index/resource_index/packages
[0.679s] copying resource/demo_python_topic -> /home/nrrr/ros2Learn/mycode/L3/topic_ws/install/demo_python_topic/share/ament_index/resource_index/packages
[0.679s] copying package.xml -> /home/nrrr/ros2Learn/mycode/L3/topic_ws/install/demo_python_topic/share/demo_python_topic
[0.679s] running install_egg_info
[0.688s] Copying ../../build/demo_python_topic/demo_python_topic.egg-info to /home/nrrr/ros2Learn/mycode/L3/topic_ws/install/demo_python_topic/lib/python3.12/site-packages/demo_python_topic-0.0.0-py3.12.egg-info
[0.688s] running install_scripts
[0.748s] writing list of installed files to '/home/nrrr/ros2Learn/mycode/L3/topic_ws/build/demo_python_topic/install.log'
[0.762s] Invoked command in '/home/nrrr/ros2Learn/mycode/L3/topic_ws/src/demo_python_topic' returned '0': DEBUGINFOD_URLS=https://debuginfod.ubuntu.com PYTHONPATH=/home/nrrr/ros2Learn/mycode/L3/topic_ws/build/demo_python_topic/prefix_override:/usr/lib/python3/dist-packages/colcon_core/task/python/colcon_distutils_commands:/home/nrrr/ros2Learn/mycode/L3/topic_ws/install/demo_python_topic/lib/python3.12/site-packages:${PYTHONPATH} /usr/bin/python3 -W ignore:setup.py install is deprecated -W ignore:easy_install command is deprecated setup.py egg_info --egg-base ../../build/demo_python_topic build --build-base /home/nrrr/ros2Learn/mycode/L3/topic_ws/build/demo_python_topic/build install --record /home/nrrr/ros2Learn/mycode/L3/topic_ws/build/demo_python_topic/install.log --single-version-externally-managed install_data
