[0.056s] DEBUG:colcon:Command line arguments: ['/usr/bin/colcon', 'build']
[0.056s] DEBUG:colcon:Parsed command line arguments: Namespace(log_base=None, log_level=None, verb_name='build', build_base='build', install_base='install', merge_install=False, symlink_install=False, test_result_base=None, continue_on_error=False, executor='parallel', parallel_workers=24, event_handlers=None, ignore_user_meta=False, metas=['./colcon.meta'], base_paths=['.'], packages_ignore=None, packages_ignore_regex=None, paths=None, packages_up_to=None, packages_up_to_regex=None, packages_above=None, packages_above_and_dependencies=None, packages_above_depth=None, packages_select_by_dep=None, packages_skip_by_dep=None, packages_skip_up_to=None, packages_select_build_failed=False, packages_skip_build_finished=False, packages_select_test_failures=False, packages_skip_test_passed=False, packages_select=None, packages_skip=None, packages_select_regex=None, packages_skip_regex=None, packages_start=None, packages_end=None, allow_overriding=[], cmake_args=None, cmake_target=None, cmake_target_skip_unavailable=False, cmake_clean_cache=False, cmake_clean_first=False, cmake_force_configure=False, ament_cmake_args=None, catkin_cmake_args=None, catkin_skip_building_tests=False, verb_parser=<colcon_defaults.argument_parser.defaults.DefaultArgumentsDecorator object at 0x7e91a6e67bc0>, verb_extension=<colcon_core.verb.build.BuildVerb object at 0x7e91a6e05ca0>, main=<bound method BuildVerb.main of <colcon_core.verb.build.BuildVerb object at 0x7e91a6e05ca0>>)
[0.078s] Level 1:colcon.colcon_core.package_discovery:discover_packages(colcon_meta) check parameters
[0.078s] Level 1:colcon.colcon_core.package_discovery:discover_packages(recursive) check parameters
[0.078s] Level 1:colcon.colcon_core.package_discovery:discover_packages(ignore) check parameters
[0.078s] Level 1:colcon.colcon_core.package_discovery:discover_packages(path) check parameters
[0.078s] Level 1:colcon.colcon_core.package_discovery:discover_packages(colcon_meta) discover
[0.078s] Level 1:colcon.colcon_core.package_discovery:discover_packages(recursive) discover
[0.078s] INFO:colcon.colcon_core.package_discovery:Crawling recursively for packages in '/home/nrrr/ros2Learn/mycode/L3/topic_project'
[0.078s] Level 1:colcon.colcon_core.package_identification:_identify(.) by extensions ['ignore', 'ignore_ament_install']
[0.078s] Level 1:colcon.colcon_core.package_identification:_identify(.) by extension 'ignore'
[0.078s] Level 1:colcon.colcon_core.package_identification:_identify(.) by extension 'ignore_ament_install'
[0.078s] Level 1:colcon.colcon_core.package_identification:_identify(.) by extensions ['colcon_pkg']
[0.078s] Level 1:colcon.colcon_core.package_identification:_identify(.) by extension 'colcon_pkg'
[0.078s] Level 1:colcon.colcon_core.package_identification:_identify(.) by extensions ['colcon_meta']
[0.078s] Level 1:colcon.colcon_core.package_identification:_identify(.) by extension 'colcon_meta'
[0.078s] Level 1:colcon.colcon_core.package_identification:_identify(.) by extensions ['ros']
[0.078s] Level 1:colcon.colcon_core.package_identification:_identify(.) by extension 'ros'
[0.093s] Level 1:colcon.colcon_core.package_identification:_identify(.) by extensions ['cmake', 'python']
[0.093s] Level 1:colcon.colcon_core.package_identification:_identify(.) by extension 'cmake'
[0.093s] Level 1:colcon.colcon_core.package_identification:_identify(.) by extension 'python'
[0.093s] Level 1:colcon.colcon_core.package_identification:_identify(.) by extensions ['python_setup_py']
[0.093s] Level 1:colcon.colcon_core.package_identification:_identify(.) by extension 'python_setup_py'
[0.093s] Level 1:colcon.colcon_core.package_identification:_identify(build) by extensions ['ignore', 'ignore_ament_install']
[0.093s] Level 1:colcon.colcon_core.package_identification:_identify(build) by extension 'ignore'
[0.093s] Level 1:colcon.colcon_core.package_identification:_identify(build) ignored
[0.094s] Level 1:colcon.colcon_core.package_identification:_identify(install) by extensions ['ignore', 'ignore_ament_install']
[0.094s] Level 1:colcon.colcon_core.package_identification:_identify(install) by extension 'ignore'
[0.094s] Level 1:colcon.colcon_core.package_identification:_identify(install) ignored
[0.094s] Level 1:colcon.colcon_core.package_identification:_identify(log) by extensions ['ignore', 'ignore_ament_install']
[0.094s] Level 1:colcon.colcon_core.package_identification:_identify(log) by extension 'ignore'
[0.094s] Level 1:colcon.colcon_core.package_identification:_identify(log) ignored
[0.094s] Level 1:colcon.colcon_core.package_identification:_identify(src) by extensions ['ignore', 'ignore_ament_install']
[0.094s] Level 1:colcon.colcon_core.package_identification:_identify(src) by extension 'ignore'
[0.094s] Level 1:colcon.colcon_core.package_identification:_identify(src) by extension 'ignore_ament_install'
[0.094s] Level 1:colcon.colcon_core.package_identification:_identify(src) by extensions ['colcon_pkg']
[0.094s] Level 1:colcon.colcon_core.package_identification:_identify(src) by extension 'colcon_pkg'
[0.094s] Level 1:colcon.colcon_core.package_identification:_identify(src) by extensions ['colcon_meta']
[0.094s] Level 1:colcon.colcon_core.package_identification:_identify(src) by extension 'colcon_meta'
[0.094s] Level 1:colcon.colcon_core.package_identification:_identify(src) by extensions ['ros']
[0.094s] Level 1:colcon.colcon_core.package_identification:_identify(src) by extension 'ros'
[0.094s] Level 1:colcon.colcon_core.package_identification:_identify(src) by extensions ['cmake', 'python']
[0.094s] Level 1:colcon.colcon_core.package_identification:_identify(src) by extension 'cmake'
[0.094s] Level 1:colcon.colcon_core.package_identification:_identify(src) by extension 'python'
[0.094s] Level 1:colcon.colcon_core.package_identification:_identify(src) by extensions ['python_setup_py']
[0.094s] Level 1:colcon.colcon_core.package_identification:_identify(src) by extension 'python_setup_py'
[0.094s] Level 1:colcon.colcon_core.package_identification:_identify(src/status_interfaces) by extensions ['ignore', 'ignore_ament_install']
[0.094s] Level 1:colcon.colcon_core.package_identification:_identify(src/status_interfaces) by extension 'ignore'
[0.094s] Level 1:colcon.colcon_core.package_identification:_identify(src/status_interfaces) by extension 'ignore_ament_install'
[0.094s] Level 1:colcon.colcon_core.package_identification:_identify(src/status_interfaces) by extensions ['colcon_pkg']
[0.094s] Level 1:colcon.colcon_core.package_identification:_identify(src/status_interfaces) by extension 'colcon_pkg'
[0.094s] Level 1:colcon.colcon_core.package_identification:_identify(src/status_interfaces) by extensions ['colcon_meta']
[0.094s] Level 1:colcon.colcon_core.package_identification:_identify(src/status_interfaces) by extension 'colcon_meta'
[0.094s] Level 1:colcon.colcon_core.package_identification:_identify(src/status_interfaces) by extensions ['ros']
[0.094s] Level 1:colcon.colcon_core.package_identification:_identify(src/status_interfaces) by extension 'ros'
[0.096s] DEBUG:colcon.colcon_core.package_identification:Package 'src/status_interfaces' with type 'ros.ament_cmake' and name 'status_interfaces'
[0.096s] Level 1:colcon.colcon_core.package_identification:_identify(src/status_publisher) by extensions ['ignore', 'ignore_ament_install']
[0.096s] Level 1:colcon.colcon_core.package_identification:_identify(src/status_publisher) by extension 'ignore'
[0.096s] Level 1:colcon.colcon_core.package_identification:_identify(src/status_publisher) by extension 'ignore_ament_install'
[0.096s] Level 1:colcon.colcon_core.package_identification:_identify(src/status_publisher) by extensions ['colcon_pkg']
[0.096s] Level 1:colcon.colcon_core.package_identification:_identify(src/status_publisher) by extension 'colcon_pkg'
[0.096s] Level 1:colcon.colcon_core.package_identification:_identify(src/status_publisher) by extensions ['colcon_meta']
[0.096s] Level 1:colcon.colcon_core.package_identification:_identify(src/status_publisher) by extension 'colcon_meta'
[0.096s] Level 1:colcon.colcon_core.package_identification:_identify(src/status_publisher) by extensions ['ros']
[0.096s] Level 1:colcon.colcon_core.package_identification:_identify(src/status_publisher) by extension 'ros'
[0.096s] DEBUG:colcon.colcon_core.package_identification:Package 'src/status_publisher' with type 'ros.ament_python' and name 'status_publisher'
[0.096s] Level 1:colcon.colcon_core.package_discovery:discover_packages(recursive) using defaults
[0.096s] Level 1:colcon.colcon_core.package_discovery:discover_packages(ignore) discover
[0.096s] Level 1:colcon.colcon_core.package_discovery:discover_packages(ignore) using defaults
[0.096s] Level 1:colcon.colcon_core.package_discovery:discover_packages(path) discover
[0.096s] Level 1:colcon.colcon_core.package_discovery:discover_packages(path) using defaults
[0.107s] Level 1:colcon.colcon_core.package_discovery:discover_packages(prefix_path) check parameters
[0.107s] Level 1:colcon.colcon_core.package_discovery:discover_packages(prefix_path) discover
[0.108s] DEBUG:colcon.colcon_installed_package_information.package_discovery:Found 2 installed packages in /home/nrrr/ros2Learn/mycode/L3/topic_project/install
[0.109s] DEBUG:colcon.colcon_installed_package_information.package_discovery:Found 286 installed packages in /opt/ros/jazzy
[0.109s] Level 1:colcon.colcon_core.package_discovery:discover_packages(prefix_path) using defaults
[0.170s] Level 5:colcon.colcon_core.verb:set package 'status_interfaces' build argument 'cmake_args' from command line to 'None'
[0.170s] Level 5:colcon.colcon_core.verb:set package 'status_interfaces' build argument 'cmake_target' from command line to 'None'
[0.170s] Level 5:colcon.colcon_core.verb:set package 'status_interfaces' build argument 'cmake_target_skip_unavailable' from command line to 'False'
[0.170s] Level 5:colcon.colcon_core.verb:set package 'status_interfaces' build argument 'cmake_clean_cache' from command line to 'False'
[0.170s] Level 5:colcon.colcon_core.verb:set package 'status_interfaces' build argument 'cmake_clean_first' from command line to 'False'
[0.170s] Level 5:colcon.colcon_core.verb:set package 'status_interfaces' build argument 'cmake_force_configure' from command line to 'False'
[0.170s] Level 5:colcon.colcon_core.verb:set package 'status_interfaces' build argument 'ament_cmake_args' from command line to 'None'
[0.170s] Level 5:colcon.colcon_core.verb:set package 'status_interfaces' build argument 'catkin_cmake_args' from command line to 'None'
[0.170s] Level 5:colcon.colcon_core.verb:set package 'status_interfaces' build argument 'catkin_skip_building_tests' from command line to 'False'
[0.171s] DEBUG:colcon.colcon_core.verb:Building package 'status_interfaces' with the following arguments: {'ament_cmake_args': None, 'build_base': '/home/nrrr/ros2Learn/mycode/L3/topic_project/build/status_interfaces', 'catkin_cmake_args': None, 'catkin_skip_building_tests': False, 'cmake_args': None, 'cmake_clean_cache': False, 'cmake_clean_first': False, 'cmake_force_configure': False, 'cmake_target': None, 'cmake_target_skip_unavailable': False, 'install_base': '/home/nrrr/ros2Learn/mycode/L3/topic_project/install/status_interfaces', 'merge_install': False, 'path': '/home/nrrr/ros2Learn/mycode/L3/topic_project/src/status_interfaces', 'symlink_install': False, 'test_result_base': None}
[0.171s] Level 5:colcon.colcon_core.verb:set package 'status_publisher' build argument 'cmake_args' from command line to 'None'
[0.171s] Level 5:colcon.colcon_core.verb:set package 'status_publisher' build argument 'cmake_target' from command line to 'None'
[0.171s] Level 5:colcon.colcon_core.verb:set package 'status_publisher' build argument 'cmake_target_skip_unavailable' from command line to 'False'
[0.171s] Level 5:colcon.colcon_core.verb:set package 'status_publisher' build argument 'cmake_clean_cache' from command line to 'False'
[0.171s] Level 5:colcon.colcon_core.verb:set package 'status_publisher' build argument 'cmake_clean_first' from command line to 'False'
[0.171s] Level 5:colcon.colcon_core.verb:set package 'status_publisher' build argument 'cmake_force_configure' from command line to 'False'
[0.171s] Level 5:colcon.colcon_core.verb:set package 'status_publisher' build argument 'ament_cmake_args' from command line to 'None'
[0.171s] Level 5:colcon.colcon_core.verb:set package 'status_publisher' build argument 'catkin_cmake_args' from command line to 'None'
[0.171s] Level 5:colcon.colcon_core.verb:set package 'status_publisher' build argument 'catkin_skip_building_tests' from command line to 'False'
[0.171s] DEBUG:colcon.colcon_core.verb:Building package 'status_publisher' with the following arguments: {'ament_cmake_args': None, 'build_base': '/home/nrrr/ros2Learn/mycode/L3/topic_project/build/status_publisher', 'catkin_cmake_args': None, 'catkin_skip_building_tests': False, 'cmake_args': None, 'cmake_clean_cache': False, 'cmake_clean_first': False, 'cmake_force_configure': False, 'cmake_target': None, 'cmake_target_skip_unavailable': False, 'install_base': '/home/nrrr/ros2Learn/mycode/L3/topic_project/install/status_publisher', 'merge_install': False, 'path': '/home/nrrr/ros2Learn/mycode/L3/topic_project/src/status_publisher', 'symlink_install': False, 'test_result_base': None}
[0.171s] INFO:colcon.colcon_core.executor:Executing jobs using 'parallel' executor
[0.171s] DEBUG:colcon.colcon_parallel_executor.executor.parallel:run_until_complete
[0.172s] INFO:colcon.colcon_ros.task.ament_cmake.build:Building ROS package in '/home/nrrr/ros2Learn/mycode/L3/topic_project/src/status_interfaces' with build type 'ament_cmake'
[0.172s] INFO:colcon.colcon_cmake.task.cmake.build:Building CMake package in '/home/nrrr/ros2Learn/mycode/L3/topic_project/src/status_interfaces'
[0.173s] INFO:colcon.colcon_core.plugin_system:Skipping extension 'colcon_core.shell.bat': Not used on non-Windows systems
[0.173s] INFO:colcon.colcon_core.shell:Skip shell extension 'powershell' for command environment: Not usable outside of PowerShell
[0.173s] DEBUG:colcon.colcon_core.shell:Skip shell extension 'dsv' for command environment
[0.179s] DEBUG:colcon.colcon_core.event_handler.log_command:Invoking command in '/home/nrrr/ros2Learn/mycode/L3/topic_project/build/status_interfaces': CMAKE_PREFIX_PATH=${CMAKE_PREFIX_PATH}:/home/nrrr/ros2Learn/mycode/L3/topic_project/install/status_publisher:/opt/ros/jazzy DEBUGINFOD_URLS=https://debuginfod.ubuntu.com /usr/bin/cmake --build /home/nrrr/ros2Learn/mycode/L3/topic_project/build/status_interfaces -- -j24 -l24
[0.403s] DEBUG:colcon.colcon_core.event_handler.log_command:Invoked command in '/home/nrrr/ros2Learn/mycode/L3/topic_project/build/status_interfaces' returned '0': CMAKE_PREFIX_PATH=${CMAKE_PREFIX_PATH}:/home/nrrr/ros2Learn/mycode/L3/topic_project/install/status_publisher:/opt/ros/jazzy DEBUGINFOD_URLS=https://debuginfod.ubuntu.com /usr/bin/cmake --build /home/nrrr/ros2Learn/mycode/L3/topic_project/build/status_interfaces -- -j24 -l24
[0.409s] DEBUG:colcon.colcon_core.event_handler.log_command:Invoking command in '/home/nrrr/ros2Learn/mycode/L3/topic_project/build/status_interfaces': CMAKE_PREFIX_PATH=${CMAKE_PREFIX_PATH}:/home/nrrr/ros2Learn/mycode/L3/topic_project/install/status_publisher:/opt/ros/jazzy DEBUGINFOD_URLS=https://debuginfod.ubuntu.com /usr/bin/cmake --install /home/nrrr/ros2Learn/mycode/L3/topic_project/build/status_interfaces
[0.445s] Level 1:colcon.colcon_core.environment:create_environment_scripts_only(status_interfaces)
[0.446s] DEBUG:colcon.colcon_core.event_handler.log_command:Invoked command in '/home/nrrr/ros2Learn/mycode/L3/topic_project/build/status_interfaces' returned '0': CMAKE_PREFIX_PATH=${CMAKE_PREFIX_PATH}:/home/nrrr/ros2Learn/mycode/L3/topic_project/install/status_publisher:/opt/ros/jazzy DEBUGINFOD_URLS=https://debuginfod.ubuntu.com /usr/bin/cmake --install /home/nrrr/ros2Learn/mycode/L3/topic_project/build/status_interfaces
[0.446s] Level 1:colcon.colcon_core.environment:checking '/home/nrrr/ros2Learn/mycode/L3/topic_project/install/status_interfaces' for CMake module files
[0.447s] Level 1:colcon.colcon_core.environment:checking '/home/nrrr/ros2Learn/mycode/L3/topic_project/install/status_interfaces' for CMake config files
[0.447s] Level 1:colcon.colcon_core.shell:create_environment_hook('status_interfaces', 'cmake_prefix_path')
[0.447s] INFO:colcon.colcon_core.shell:Creating environment hook '/home/nrrr/ros2Learn/mycode/L3/topic_project/install/status_interfaces/share/status_interfaces/hook/cmake_prefix_path.ps1'
[0.447s] INFO:colcon.colcon_core.shell:Creating environment descriptor '/home/nrrr/ros2Learn/mycode/L3/topic_project/install/status_interfaces/share/status_interfaces/hook/cmake_prefix_path.dsv'
[0.448s] INFO:colcon.colcon_core.shell:Creating environment hook '/home/nrrr/ros2Learn/mycode/L3/topic_project/install/status_interfaces/share/status_interfaces/hook/cmake_prefix_path.sh'
[0.448s] Level 1:colcon.colcon_core.environment:checking '/home/nrrr/ros2Learn/mycode/L3/topic_project/install/status_interfaces/lib'
[0.448s] Level 1:colcon.colcon_core.shell:create_environment_hook('status_interfaces', 'ld_library_path_lib')
[0.448s] INFO:colcon.colcon_core.shell:Creating environment hook '/home/nrrr/ros2Learn/mycode/L3/topic_project/install/status_interfaces/share/status_interfaces/hook/ld_library_path_lib.ps1'
[0.448s] INFO:colcon.colcon_core.shell:Creating environment descriptor '/home/nrrr/ros2Learn/mycode/L3/topic_project/install/status_interfaces/share/status_interfaces/hook/ld_library_path_lib.dsv'
[0.448s] INFO:colcon.colcon_core.shell:Creating environment hook '/home/nrrr/ros2Learn/mycode/L3/topic_project/install/status_interfaces/share/status_interfaces/hook/ld_library_path_lib.sh'
[0.449s] Level 1:colcon.colcon_core.environment:checking '/home/nrrr/ros2Learn/mycode/L3/topic_project/install/status_interfaces/bin'
[0.449s] Level 1:colcon.colcon_core.environment:checking '/home/nrrr/ros2Learn/mycode/L3/topic_project/install/status_interfaces/lib/pkgconfig/status_interfaces.pc'
[0.449s] Level 1:colcon.colcon_core.environment:checking '/home/nrrr/ros2Learn/mycode/L3/topic_project/install/status_interfaces/lib/python3.12/site-packages'
[0.449s] Level 1:colcon.colcon_core.shell:create_environment_hook('status_interfaces', 'pythonpath')
[0.449s] INFO:colcon.colcon_core.shell:Creating environment hook '/home/nrrr/ros2Learn/mycode/L3/topic_project/install/status_interfaces/share/status_interfaces/hook/pythonpath.ps1'
[0.449s] INFO:colcon.colcon_core.shell:Creating environment descriptor '/home/nrrr/ros2Learn/mycode/L3/topic_project/install/status_interfaces/share/status_interfaces/hook/pythonpath.dsv'
[0.449s] INFO:colcon.colcon_core.shell:Creating environment hook '/home/nrrr/ros2Learn/mycode/L3/topic_project/install/status_interfaces/share/status_interfaces/hook/pythonpath.sh'
[0.449s] Level 1:colcon.colcon_core.environment:checking '/home/nrrr/ros2Learn/mycode/L3/topic_project/install/status_interfaces/bin'
[0.450s] INFO:colcon.colcon_core.shell:Creating package script '/home/nrrr/ros2Learn/mycode/L3/topic_project/install/status_interfaces/share/status_interfaces/package.ps1'
[0.450s] INFO:colcon.colcon_core.shell:Creating package descriptor '/home/nrrr/ros2Learn/mycode/L3/topic_project/install/status_interfaces/share/status_interfaces/package.dsv'
[0.450s] INFO:colcon.colcon_core.shell:Creating package script '/home/nrrr/ros2Learn/mycode/L3/topic_project/install/status_interfaces/share/status_interfaces/package.sh'
[0.451s] INFO:colcon.colcon_core.shell:Creating package script '/home/nrrr/ros2Learn/mycode/L3/topic_project/install/status_interfaces/share/status_interfaces/package.bash'
[0.451s] INFO:colcon.colcon_core.shell:Creating package script '/home/nrrr/ros2Learn/mycode/L3/topic_project/install/status_interfaces/share/status_interfaces/package.zsh'
[0.451s] Level 1:colcon.colcon_core.environment:create_file_with_runtime_dependencies(/home/nrrr/ros2Learn/mycode/L3/topic_project/install/status_interfaces/share/colcon-core/packages/status_interfaces)
[0.451s] Level 1:colcon.colcon_core.environment:create_environment_scripts_only(status_interfaces)
[0.451s] Level 1:colcon.colcon_core.environment:checking '/home/nrrr/ros2Learn/mycode/L3/topic_project/install/status_interfaces' for CMake module files
[0.452s] Level 1:colcon.colcon_core.environment:checking '/home/nrrr/ros2Learn/mycode/L3/topic_project/install/status_interfaces' for CMake config files
[0.452s] Level 1:colcon.colcon_core.shell:create_environment_hook('status_interfaces', 'cmake_prefix_path')
[0.452s] INFO:colcon.colcon_core.shell:Creating environment hook '/home/nrrr/ros2Learn/mycode/L3/topic_project/install/status_interfaces/share/status_interfaces/hook/cmake_prefix_path.ps1'
[0.452s] INFO:colcon.colcon_core.shell:Creating environment descriptor '/home/nrrr/ros2Learn/mycode/L3/topic_project/install/status_interfaces/share/status_interfaces/hook/cmake_prefix_path.dsv'
[0.452s] INFO:colcon.colcon_core.shell:Creating environment hook '/home/nrrr/ros2Learn/mycode/L3/topic_project/install/status_interfaces/share/status_interfaces/hook/cmake_prefix_path.sh'
[0.452s] Level 1:colcon.colcon_core.environment:checking '/home/nrrr/ros2Learn/mycode/L3/topic_project/install/status_interfaces/lib'
[0.453s] Level 1:colcon.colcon_core.shell:create_environment_hook('status_interfaces', 'ld_library_path_lib')
[0.453s] INFO:colcon.colcon_core.shell:Creating environment hook '/home/nrrr/ros2Learn/mycode/L3/topic_project/install/status_interfaces/share/status_interfaces/hook/ld_library_path_lib.ps1'
[0.453s] INFO:colcon.colcon_core.shell:Creating environment descriptor '/home/nrrr/ros2Learn/mycode/L3/topic_project/install/status_interfaces/share/status_interfaces/hook/ld_library_path_lib.dsv'
[0.453s] INFO:colcon.colcon_core.shell:Creating environment hook '/home/nrrr/ros2Learn/mycode/L3/topic_project/install/status_interfaces/share/status_interfaces/hook/ld_library_path_lib.sh'
[0.453s] Level 1:colcon.colcon_core.environment:checking '/home/nrrr/ros2Learn/mycode/L3/topic_project/install/status_interfaces/bin'
[0.453s] Level 1:colcon.colcon_core.environment:checking '/home/nrrr/ros2Learn/mycode/L3/topic_project/install/status_interfaces/lib/pkgconfig/status_interfaces.pc'
[0.453s] Level 1:colcon.colcon_core.environment:checking '/home/nrrr/ros2Learn/mycode/L3/topic_project/install/status_interfaces/lib/python3.12/site-packages'
[0.453s] Level 1:colcon.colcon_core.shell:create_environment_hook('status_interfaces', 'pythonpath')
[0.453s] INFO:colcon.colcon_core.shell:Creating environment hook '/home/nrrr/ros2Learn/mycode/L3/topic_project/install/status_interfaces/share/status_interfaces/hook/pythonpath.ps1'
[0.454s] INFO:colcon.colcon_core.shell:Creating environment descriptor '/home/nrrr/ros2Learn/mycode/L3/topic_project/install/status_interfaces/share/status_interfaces/hook/pythonpath.dsv'
[0.454s] INFO:colcon.colcon_core.shell:Creating environment hook '/home/nrrr/ros2Learn/mycode/L3/topic_project/install/status_interfaces/share/status_interfaces/hook/pythonpath.sh'
[0.454s] Level 1:colcon.colcon_core.environment:checking '/home/nrrr/ros2Learn/mycode/L3/topic_project/install/status_interfaces/bin'
[0.454s] INFO:colcon.colcon_core.shell:Creating package script '/home/nrrr/ros2Learn/mycode/L3/topic_project/install/status_interfaces/share/status_interfaces/package.ps1'
[0.455s] INFO:colcon.colcon_core.shell:Creating package descriptor '/home/nrrr/ros2Learn/mycode/L3/topic_project/install/status_interfaces/share/status_interfaces/package.dsv'
[0.455s] INFO:colcon.colcon_core.shell:Creating package script '/home/nrrr/ros2Learn/mycode/L3/topic_project/install/status_interfaces/share/status_interfaces/package.sh'
[0.455s] INFO:colcon.colcon_core.shell:Creating package script '/home/nrrr/ros2Learn/mycode/L3/topic_project/install/status_interfaces/share/status_interfaces/package.bash'
[0.455s] INFO:colcon.colcon_core.shell:Creating package script '/home/nrrr/ros2Learn/mycode/L3/topic_project/install/status_interfaces/share/status_interfaces/package.zsh'
[0.455s] Level 1:colcon.colcon_core.environment:create_file_with_runtime_dependencies(/home/nrrr/ros2Learn/mycode/L3/topic_project/install/status_interfaces/share/colcon-core/packages/status_interfaces)
[0.455s] INFO:colcon.colcon_ros.task.ament_python.build:Building ROS package in '/home/nrrr/ros2Learn/mycode/L3/topic_project/src/status_publisher' with build type 'ament_python'
[0.455s] Level 1:colcon.colcon_core.shell:create_environment_hook('status_publisher', 'ament_prefix_path')
[0.456s] INFO:colcon.colcon_core.shell:Creating environment hook '/home/nrrr/ros2Learn/mycode/L3/topic_project/install/status_publisher/share/status_publisher/hook/ament_prefix_path.ps1'
[0.456s] INFO:colcon.colcon_core.shell:Creating environment descriptor '/home/nrrr/ros2Learn/mycode/L3/topic_project/install/status_publisher/share/status_publisher/hook/ament_prefix_path.dsv'
[0.456s] INFO:colcon.colcon_core.shell:Creating environment hook '/home/nrrr/ros2Learn/mycode/L3/topic_project/install/status_publisher/share/status_publisher/hook/ament_prefix_path.sh'
[0.456s] INFO:colcon.colcon_core.shell:Skip shell extension 'powershell' for command environment: Not usable outside of PowerShell
[0.456s] DEBUG:colcon.colcon_core.shell:Skip shell extension 'dsv' for command environment
[0.558s] INFO:colcon.colcon_core.task.python.build:Building Python package in '/home/nrrr/ros2Learn/mycode/L3/topic_project/src/status_publisher'
[0.558s] INFO:colcon.colcon_core.shell:Skip shell extension 'powershell' for command environment: Not usable outside of PowerShell
[0.558s] DEBUG:colcon.colcon_core.shell:Skip shell extension 'dsv' for command environment
[0.844s] DEBUG:colcon.colcon_core.event_handler.log_command:Invoking command in '/home/nrrr/ros2Learn/mycode/L3/topic_project/src/status_publisher': DEBUGINFOD_URLS=https://debuginfod.ubuntu.com PYTHONPATH=/home/nrrr/ros2Learn/mycode/L3/topic_project/build/status_publisher/prefix_override:/usr/lib/python3/dist-packages/colcon_core/task/python/colcon_distutils_commands:/home/nrrr/ros2Learn/mycode/L3/topic_project/install/status_publisher/lib/python3.12/site-packages:/home/nrrr/ros2Learn/mycode/L3/topic_project/install/status_interfaces/lib/python3.12/site-packages:/home/nrrr/ros2Learn/mycode/L3/topic_project/install/status_publisher/lib/python3.12/site-packages:/opt/ros/jazzy/lib/python3.12/site-packages /usr/bin/python3 -W ignore:setup.py install is deprecated -W ignore:easy_install command is deprecated setup.py egg_info --egg-base ../../build/status_publisher build --build-base /home/nrrr/ros2Learn/mycode/L3/topic_project/build/status_publisher/build install --record /home/nrrr/ros2Learn/mycode/L3/topic_project/build/status_publisher/install.log --single-version-externally-managed install_data
[1.075s] Level 1:colcon.colcon_core.environment:checking '/home/nrrr/ros2Learn/mycode/L3/topic_project/install/status_publisher' for CMake module files
[1.075s] DEBUG:colcon.colcon_core.event_handler.log_command:Invoked command in '/home/nrrr/ros2Learn/mycode/L3/topic_project/src/status_publisher' returned '0': DEBUGINFOD_URLS=https://debuginfod.ubuntu.com PYTHONPATH=/home/nrrr/ros2Learn/mycode/L3/topic_project/build/status_publisher/prefix_override:/usr/lib/python3/dist-packages/colcon_core/task/python/colcon_distutils_commands:/home/nrrr/ros2Learn/mycode/L3/topic_project/install/status_publisher/lib/python3.12/site-packages:/home/nrrr/ros2Learn/mycode/L3/topic_project/install/status_interfaces/lib/python3.12/site-packages:/home/nrrr/ros2Learn/mycode/L3/topic_project/install/status_publisher/lib/python3.12/site-packages:/opt/ros/jazzy/lib/python3.12/site-packages /usr/bin/python3 -W ignore:setup.py install is deprecated -W ignore:easy_install command is deprecated setup.py egg_info --egg-base ../../build/status_publisher build --build-base /home/nrrr/ros2Learn/mycode/L3/topic_project/build/status_publisher/build install --record /home/nrrr/ros2Learn/mycode/L3/topic_project/build/status_publisher/install.log --single-version-externally-managed install_data
[1.075s] Level 1:colcon.colcon_core.environment:checking '/home/nrrr/ros2Learn/mycode/L3/topic_project/install/status_publisher' for CMake config files
[1.075s] Level 1:colcon.colcon_core.environment:checking '/home/nrrr/ros2Learn/mycode/L3/topic_project/install/status_publisher/lib'
[1.075s] Level 1:colcon.colcon_core.environment:checking '/home/nrrr/ros2Learn/mycode/L3/topic_project/install/status_publisher/bin'
[1.075s] Level 1:colcon.colcon_core.environment:checking '/home/nrrr/ros2Learn/mycode/L3/topic_project/install/status_publisher/lib/pkgconfig/status_publisher.pc'
[1.076s] Level 1:colcon.colcon_core.environment:checking '/home/nrrr/ros2Learn/mycode/L3/topic_project/install/status_publisher/lib/python3.12/site-packages'
[1.076s] Level 1:colcon.colcon_core.shell:create_environment_hook('status_publisher', 'pythonpath')
[1.076s] INFO:colcon.colcon_core.shell:Creating environment hook '/home/nrrr/ros2Learn/mycode/L3/topic_project/install/status_publisher/share/status_publisher/hook/pythonpath.ps1'
[1.076s] INFO:colcon.colcon_core.shell:Creating environment descriptor '/home/nrrr/ros2Learn/mycode/L3/topic_project/install/status_publisher/share/status_publisher/hook/pythonpath.dsv'
[1.076s] INFO:colcon.colcon_core.shell:Creating environment hook '/home/nrrr/ros2Learn/mycode/L3/topic_project/install/status_publisher/share/status_publisher/hook/pythonpath.sh'
[1.076s] Level 1:colcon.colcon_core.environment:checking '/home/nrrr/ros2Learn/mycode/L3/topic_project/install/status_publisher/bin'
[1.076s] Level 1:colcon.colcon_core.environment:create_environment_scripts_only(status_publisher)
[1.077s] INFO:colcon.colcon_core.shell:Creating package script '/home/nrrr/ros2Learn/mycode/L3/topic_project/install/status_publisher/share/status_publisher/package.ps1'
[1.077s] INFO:colcon.colcon_core.shell:Creating package descriptor '/home/nrrr/ros2Learn/mycode/L3/topic_project/install/status_publisher/share/status_publisher/package.dsv'
[1.077s] INFO:colcon.colcon_core.shell:Creating package script '/home/nrrr/ros2Learn/mycode/L3/topic_project/install/status_publisher/share/status_publisher/package.sh'
[1.077s] INFO:colcon.colcon_core.shell:Creating package script '/home/nrrr/ros2Learn/mycode/L3/topic_project/install/status_publisher/share/status_publisher/package.bash'
[1.077s] INFO:colcon.colcon_core.shell:Creating package script '/home/nrrr/ros2Learn/mycode/L3/topic_project/install/status_publisher/share/status_publisher/package.zsh'
[1.077s] Level 1:colcon.colcon_core.environment:create_file_with_runtime_dependencies(/home/nrrr/ros2Learn/mycode/L3/topic_project/install/status_publisher/share/colcon-core/packages/status_publisher)
[1.078s] DEBUG:colcon.colcon_parallel_executor.executor.parallel:closing loop
[1.078s] DEBUG:colcon.colcon_parallel_executor.executor.parallel:loop closed
[1.078s] DEBUG:colcon.colcon_parallel_executor.executor.parallel:run_until_complete finished with '0'
[1.078s] DEBUG:colcon.colcon_core.event_reactor:joining thread
[1.081s] INFO:colcon.colcon_core.plugin_system:Skipping extension 'colcon_notification.desktop_notification.terminal_notifier': Not used on non-Darwin systems
[1.081s] INFO:colcon.colcon_core.plugin_system:Skipping extension 'colcon_notification.desktop_notification.win32': Not used on non-Windows systems
[1.081s] INFO:colcon.colcon_notification.desktop_notification:Sending desktop notification using 'notify2'
[1.088s] DEBUG:colcon.colcon_core.event_reactor:joined thread
[1.088s] INFO:colcon.colcon_core.shell:Creating prefix script '/home/nrrr/ros2Learn/mycode/L3/topic_project/install/local_setup.ps1'
[1.089s] INFO:colcon.colcon_core.shell:Creating prefix util module '/home/nrrr/ros2Learn/mycode/L3/topic_project/install/_local_setup_util_ps1.py'
[1.089s] INFO:colcon.colcon_core.shell:Creating prefix chain script '/home/nrrr/ros2Learn/mycode/L3/topic_project/install/setup.ps1'
[1.089s] INFO:colcon.colcon_core.shell:Creating prefix script '/home/nrrr/ros2Learn/mycode/L3/topic_project/install/local_setup.sh'
[1.090s] INFO:colcon.colcon_core.shell:Creating prefix util module '/home/nrrr/ros2Learn/mycode/L3/topic_project/install/_local_setup_util_sh.py'
[1.090s] INFO:colcon.colcon_core.shell:Creating prefix chain script '/home/nrrr/ros2Learn/mycode/L3/topic_project/install/setup.sh'
[1.090s] INFO:colcon.colcon_core.shell:Creating prefix script '/home/nrrr/ros2Learn/mycode/L3/topic_project/install/local_setup.bash'
[1.091s] INFO:colcon.colcon_core.shell:Creating prefix chain script '/home/nrrr/ros2Learn/mycode/L3/topic_project/install/setup.bash'
[1.091s] INFO:colcon.colcon_core.shell:Creating prefix script '/home/nrrr/ros2Learn/mycode/L3/topic_project/install/local_setup.zsh'
[1.091s] INFO:colcon.colcon_core.shell:Creating prefix chain script '/home/nrrr/ros2Learn/mycode/L3/topic_project/install/setup.zsh'
