[0.006s] Invoking command in '/home/nrrr/ros2Learn/mycode/L3/topic_project/build/status_interfaces': CMAKE_PREFIX_PATH=${CMAKE_PREFIX_PATH}:/opt/ros/jazzy DEBUGINFOD_URLS=https://debuginfod.ubuntu.com /usr/bin/cmake --build /home/nrrr/ros2Learn/mycode/L3/topic_project/build/status_interfaces -- -j24 -l24
[0.022s] -- Found ament_cmake: 2.5.5 (/opt/ros/jazzy/share/ament_cmake/cmake)
[0.082s] -- Found builtin_interfaces: 2.0.3 (/opt/ros/jazzy/share/builtin_interfaces/cmake)
[0.095s] -- Found rosidl_generator_c: 4.6.7 (/opt/ros/jazzy/share/rosidl_generator_c/cmake)
[0.100s] -- Found rosidl_generator_cpp: 4.6.7 (/opt/ros/jazzy/share/rosidl_generator_cpp/cmake)
[0.106s] -- Using all available rosidl_typesupport_c: rosidl_typesupport_fastrtps_c;rosidl_typesupport_introspection_c
[0.113s] -- Using all available rosidl_typesupport_cpp: rosidl_typesupport_fastrtps_cpp;rosidl_typesupport_introspection_cpp
[0.119s] -- Found rosidl_default_generators: 1.6.0 (/opt/ros/jazzy/share/rosidl_default_generators/cmake)
[0.123s] -- Found rosidl_adapter: 4.6.7 (/opt/ros/jazzy/share/rosidl_adapter/cmake)
[0.286s] -- Found ament_cmake_ros: 0.12.0 (/opt/ros/jazzy/share/ament_cmake_ros/cmake)
[0.412s] -- Using all available rosidl_typesupport_c: rosidl_typesupport_fastrtps_c;rosidl_typesupport_introspection_c
[0.481s] -- Using all available rosidl_typesupport_cpp: rosidl_typesupport_fastrtps_cpp;rosidl_typesupport_introspection_cpp
[0.482s] -- Found python_cmake_module: 0.11.1 (/opt/ros/jazzy/share/python_cmake_module/cmake)
[0.644s] -- Found Python3: /usr/bin/python3 (found version "3.12.3") found components: Interpreter Development NumPy Development.Module Development.Embed 
[0.649s] -- Found ament_lint_auto: 0.17.4 (/opt/ros/jazzy/share/ament_lint_auto/cmake)
[0.653s] -- Added test 'lint_cmake' to check CMake code style
[0.653s] -- Added test 'xmllint' to check XML markup files
[0.654s] -- Configuring done (0.6s)
[0.670s] -- Generating done (0.0s)
[0.687s] -- Build files have been written to: /home/nrrr/ros2Learn/mycode/L3/topic_project/build/status_interfaces
[0.712s] [  2%] [34m[1mGenerating type hashes for ROS interfaces[0m
[0.721s] [  2%] Built target ament_cmake_python_copy_status_interfaces
[0.828s] running egg_info
[0.837s] writing status_interfaces.egg-info/PKG-INFO
[0.837s] writing dependency_links to status_interfaces.egg-info/dependency_links.txt
[0.837s] writing top-level names to status_interfaces.egg-info/top_level.txt
[0.847s] [  2%] Built target status_interfaces__rosidl_generator_type_description
[0.854s] [  5%] [34m[1mGenerating C code for ROS interfaces[0m
[0.861s] reading manifest file 'status_interfaces.egg-info/SOURCES.txt'
[0.861s] [  8%] [34m[1mGenerating C++ code for ROS interfaces[0m
[0.861s] writing manifest file 'status_interfaces.egg-info/SOURCES.txt'
[0.878s] [  8%] Built target ament_cmake_python_build_status_interfaces_egg
[1.007s] [  8%] Built target status_interfaces__cpp
[1.016s] [ 11%] [32mBuilding C object CMakeFiles/status_interfaces__rosidl_generator_c.dir/rosidl_generator_c/status_interfaces/msg/detail/system_status__functions.c.o[0m
[1.017s] [ 17%] [32mBuilding C object CMakeFiles/status_interfaces__rosidl_generator_c.dir/rosidl_generator_c/status_interfaces/msg/detail/system_status__type_support.c.o[0m
[1.017s] [ 17%] [32mBuilding C object CMakeFiles/status_interfaces__rosidl_generator_c.dir/rosidl_generator_c/status_interfaces/msg/detail/system_status__description.c.o[0m
[1.047s] [ 20%] [32m[1mLinking C shared library libstatus_interfaces__rosidl_generator_c.so[0m
[1.094s] [ 20%] Built target status_interfaces__rosidl_generator_c
[1.106s] [ 23%] [34m[1mGenerating C type support for eProsima Fast-RTPS[0m
[1.106s] [ 26%] [34m[1mGenerating C++ introspection for ROS interfaces[0m
[1.108s] [ 29%] [34m[1mGenerating C++ type support dispatch for ROS interfaces[0m
[1.108s] [ 32%] [34m[1mGenerating C++ type support for eProsima Fast-RTPS[0m
[1.109s] [ 38%] [34m[1mGenerating C type support dispatch for ROS interfaces[0m
[1.109s] [ 38%] [34m[1mGenerating C introspection for ROS interfaces[0m
[1.284s] [ 41%] [32mBuilding CXX object CMakeFiles/status_interfaces__rosidl_typesupport_cpp.dir/rosidl_typesupport_cpp/status_interfaces/msg/system_status__type_support.cpp.o[0m
[1.284s] [ 44%] [32mBuilding CXX object CMakeFiles/status_interfaces__rosidl_typesupport_c.dir/rosidl_typesupport_c/status_interfaces/msg/system_status__type_support.cpp.o[0m
[1.293s] [ 47%] [32mBuilding CXX object CMakeFiles/status_interfaces__rosidl_typesupport_introspection_cpp.dir/rosidl_typesupport_introspection_cpp/status_interfaces/msg/detail/system_status__type_support.cpp.o[0m
[1.294s] [ 50%] [32mBuilding C object CMakeFiles/status_interfaces__rosidl_typesupport_introspection_c.dir/rosidl_typesupport_introspection_c/status_interfaces/msg/detail/system_status__type_support.c.o[0m
[1.302s] [ 52%] [32mBuilding CXX object CMakeFiles/status_interfaces__rosidl_typesupport_fastrtps_c.dir/rosidl_typesupport_fastrtps_c/status_interfaces/msg/detail/system_status__type_support_c.cpp.o[0m
[1.313s] [ 55%] [32mBuilding CXX object CMakeFiles/status_interfaces__rosidl_typesupport_fastrtps_cpp.dir/rosidl_typesupport_fastrtps_cpp/status_interfaces/msg/detail/dds_fastrtps/system_status__type_support.cpp.o[0m
[1.341s] [ 61%] [32m[1mLinking CXX shared library libstatus_interfaces__rosidl_typesupport_c.so[0m
[1.341s] [ 61%] [32m[1mLinking C shared library libstatus_interfaces__rosidl_typesupport_introspection_c.so[0m
[1.365s] [ 61%] Built target status_interfaces__rosidl_typesupport_introspection_c
[1.368s] [ 61%] Built target status_interfaces__rosidl_typesupport_c
[1.425s] [ 64%] [32m[1mLinking CXX shared library libstatus_interfaces__rosidl_typesupport_cpp.so[0m
[1.436s] [ 67%] [32m[1mLinking CXX shared library libstatus_interfaces__rosidl_typesupport_introspection_cpp.so[0m
[1.451s] [ 67%] Built target status_interfaces__rosidl_typesupport_cpp
[1.475s] [ 67%] Built target status_interfaces__rosidl_typesupport_introspection_cpp
[1.516s] [ 70%] [32m[1mLinking CXX shared library libstatus_interfaces__rosidl_typesupport_fastrtps_c.so[0m
[1.529s] [ 73%] [32m[1mLinking CXX shared library libstatus_interfaces__rosidl_typesupport_fastrtps_cpp.so[0m
[1.560s] [ 73%] Built target status_interfaces__rosidl_typesupport_fastrtps_c
[1.571s] [ 73%] Built target status_interfaces__rosidl_typesupport_fastrtps_cpp
[1.585s] [ 73%] Built target status_interfaces
[1.600s] [ 76%] [34m[1mGenerating Python code for ROS interfaces[0m
[1.792s] [ 76%] Built target status_interfaces__py
[1.807s] [ 79%] [32mBuilding C object CMakeFiles/status_interfaces__rosidl_generator_py.dir/rosidl_generator_py/status_interfaces/msg/_system_status_s.c.o[0m
[1.888s] [ 82%] [32m[1mLinking C shared library libstatus_interfaces__rosidl_generator_py.so[0m
[1.923s] [ 82%] Built target status_interfaces__rosidl_generator_py
[1.940s] [ 88%] [32mBuilding C object CMakeFiles/status_interfaces_s__rosidl_typesupport_introspection_c.dir/rosidl_generator_py/status_interfaces/_status_interfaces_s.ep.rosidl_typesupport_introspection_c.c.o[0m
[1.940s] [ 88%] [32mBuilding C object CMakeFiles/status_interfaces_s__rosidl_typesupport_c.dir/rosidl_generator_py/status_interfaces/_status_interfaces_s.ep.rosidl_typesupport_c.c.o[0m
[1.940s] [ 91%] [32mBuilding C object CMakeFiles/status_interfaces_s__rosidl_typesupport_fastrtps_c.dir/rosidl_generator_py/status_interfaces/_status_interfaces_s.ep.rosidl_typesupport_fastrtps_c.c.o[0m
[1.996s] [100%] [32m[1mLinking C shared module rosidl_generator_py/status_interfaces/status_interfaces_s__rosidl_typesupport_fastrtps_c.so[0m
[1.996s] [100%] [32m[1mLinking C shared module rosidl_generator_py/status_interfaces/status_interfaces_s__rosidl_typesupport_c.so[0m
[1.997s] [100%] [32m[1mLinking C shared module rosidl_generator_py/status_interfaces/status_interfaces_s__rosidl_typesupport_introspection_c.so[0m
[2.013s] [100%] Built target status_interfaces_s__rosidl_typesupport_introspection_c
[2.015s] [100%] Built target status_interfaces_s__rosidl_typesupport_c
[2.018s] [100%] Built target status_interfaces_s__rosidl_typesupport_fastrtps_c
[2.028s] Invoked command in '/home/nrrr/ros2Learn/mycode/L3/topic_project/build/status_interfaces' returned '0': CMAKE_PREFIX_PATH=${CMAKE_PREFIX_PATH}:/opt/ros/jazzy DEBUGINFOD_URLS=https://debuginfod.ubuntu.com /usr/bin/cmake --build /home/nrrr/ros2Learn/mycode/L3/topic_project/build/status_interfaces -- -j24 -l24
[2.040s] Invoking command in '/home/nrrr/ros2Learn/mycode/L3/topic_project/build/status_interfaces': CMAKE_PREFIX_PATH=${CMAKE_PREFIX_PATH}:/opt/ros/jazzy DEBUGINFOD_URLS=https://debuginfod.ubuntu.com /usr/bin/cmake --install /home/nrrr/ros2Learn/mycode/L3/topic_project/build/status_interfaces
[2.052s] -- Install configuration: ""
[2.052s] -- Installing: /home/nrrr/ros2Learn/mycode/L3/topic_project/install/status_interfaces/share/ament_index/resource_index/rosidl_interfaces/status_interfaces
[2.052s] -- Installing: /home/nrrr/ros2Learn/mycode/L3/topic_project/install/status_interfaces/share/status_interfaces/msg/SystemStatus.json
[2.052s] -- Up-to-date: /home/nrrr/ros2Learn/mycode/L3/topic_project/install/status_interfaces/include/status_interfaces/status_interfaces
[2.053s] -- Up-to-date: /home/nrrr/ros2Learn/mycode/L3/topic_project/install/status_interfaces/include/status_interfaces/status_interfaces/msg
[2.053s] -- Up-to-date: /home/nrrr/ros2Learn/mycode/L3/topic_project/install/status_interfaces/include/status_interfaces/status_interfaces/msg/rosidl_generator_c__visibility_control.h
[2.053s] -- Installing: /home/nrrr/ros2Learn/mycode/L3/topic_project/install/status_interfaces/include/status_interfaces/status_interfaces/msg/system_status.h
[2.053s] -- Up-to-date: /home/nrrr/ros2Learn/mycode/L3/topic_project/install/status_interfaces/include/status_interfaces/status_interfaces/msg/sysytem_status.h
[2.053s] -- Up-to-date: /home/nrrr/ros2Learn/mycode/L3/topic_project/install/status_interfaces/include/status_interfaces/status_interfaces/msg/detail
[2.053s] -- Up-to-date: /home/nrrr/ros2Learn/mycode/L3/topic_project/install/status_interfaces/include/status_interfaces/status_interfaces/msg/detail/sysytem_status__type_support.c
[2.054s] -- Installing: /home/nrrr/ros2Learn/mycode/L3/topic_project/install/status_interfaces/include/status_interfaces/status_interfaces/msg/detail/system_status__description.c
[2.054s] -- Installing: /home/nrrr/ros2Learn/mycode/L3/topic_project/install/status_interfaces/include/status_interfaces/status_interfaces/msg/detail/system_status__type_support.h
[2.054s] -- Up-to-date: /home/nrrr/ros2Learn/mycode/L3/topic_project/install/status_interfaces/include/status_interfaces/status_interfaces/msg/detail/sysytem_status__type_support.h
[2.054s] -- Installing: /home/nrrr/ros2Learn/mycode/L3/topic_project/install/status_interfaces/include/status_interfaces/status_interfaces/msg/detail/system_status__functions.h
[2.055s] -- Installing: /home/nrrr/ros2Learn/mycode/L3/topic_project/install/status_interfaces/include/status_interfaces/status_interfaces/msg/detail/system_status__functions.c
[2.055s] -- Up-to-date: /home/nrrr/ros2Learn/mycode/L3/topic_project/install/status_interfaces/include/status_interfaces/status_interfaces/msg/detail/sysytem_status__functions.h
[2.055s] -- Installing: /home/nrrr/ros2Learn/mycode/L3/topic_project/install/status_interfaces/include/status_interfaces/status_interfaces/msg/detail/system_status__type_support.c
[2.055s] -- Up-to-date: /home/nrrr/ros2Learn/mycode/L3/topic_project/install/status_interfaces/include/status_interfaces/status_interfaces/msg/detail/sysytem_status__struct.h
[2.055s] -- Installing: /home/nrrr/ros2Learn/mycode/L3/topic_project/install/status_interfaces/include/status_interfaces/status_interfaces/msg/detail/system_status__struct.h
[2.055s] -- Up-to-date: /home/nrrr/ros2Learn/mycode/L3/topic_project/install/status_interfaces/include/status_interfaces/status_interfaces/msg/detail/sysytem_status__description.c
[2.056s] -- Up-to-date: /home/nrrr/ros2Learn/mycode/L3/topic_project/install/status_interfaces/include/status_interfaces/status_interfaces/msg/detail/sysytem_status__functions.c
[2.056s] -- Up-to-date: /home/nrrr/ros2Learn/mycode/L3/topic_project/install/status_interfaces/share/status_interfaces/environment/library_path.sh
[2.056s] -- Up-to-date: /home/nrrr/ros2Learn/mycode/L3/topic_project/install/status_interfaces/share/status_interfaces/environment/library_path.dsv
[2.056s] -- Installing: /home/nrrr/ros2Learn/mycode/L3/topic_project/install/status_interfaces/lib/libstatus_interfaces__rosidl_generator_c.so
[2.056s] -- Set non-toolchain portion of runtime path of "/home/nrrr/ros2Learn/mycode/L3/topic_project/install/status_interfaces/lib/libstatus_interfaces__rosidl_generator_c.so" to ""
[2.056s] -- Up-to-date: /home/nrrr/ros2Learn/mycode/L3/topic_project/install/status_interfaces/include/status_interfaces/status_interfaces
[2.057s] -- Up-to-date: /home/nrrr/ros2Learn/mycode/L3/topic_project/install/status_interfaces/include/status_interfaces/status_interfaces/msg
[2.057s] -- Up-to-date: /home/nrrr/ros2Learn/mycode/L3/topic_project/install/status_interfaces/include/status_interfaces/status_interfaces/msg/rosidl_typesupport_fastrtps_c__visibility_control.h
[2.057s] -- Up-to-date: /home/nrrr/ros2Learn/mycode/L3/topic_project/install/status_interfaces/include/status_interfaces/status_interfaces/msg/detail
[2.057s] -- Installing: /home/nrrr/ros2Learn/mycode/L3/topic_project/install/status_interfaces/include/status_interfaces/status_interfaces/msg/detail/system_status__rosidl_typesupport_fastrtps_c.h
[2.057s] -- Up-to-date: /home/nrrr/ros2Learn/mycode/L3/topic_project/install/status_interfaces/include/status_interfaces/status_interfaces/msg/detail/sysytem_status__rosidl_typesupport_fastrtps_c.h
[2.057s] -- Installing: /home/nrrr/ros2Learn/mycode/L3/topic_project/install/status_interfaces/lib/libstatus_interfaces__rosidl_typesupport_fastrtps_c.so
[2.058s] -- Set non-toolchain portion of runtime path of "/home/nrrr/ros2Learn/mycode/L3/topic_project/install/status_interfaces/lib/libstatus_interfaces__rosidl_typesupport_fastrtps_c.so" to ""
[2.058s] -- Up-to-date: /home/nrrr/ros2Learn/mycode/L3/topic_project/install/status_interfaces/include/status_interfaces/status_interfaces
[2.058s] -- Up-to-date: /home/nrrr/ros2Learn/mycode/L3/topic_project/install/status_interfaces/include/status_interfaces/status_interfaces/msg
[2.058s] -- Installing: /home/nrrr/ros2Learn/mycode/L3/topic_project/install/status_interfaces/include/status_interfaces/status_interfaces/msg/system_status.hpp
[2.058s] -- Installing: /home/nrrr/ros2Learn/mycode/L3/topic_project/install/status_interfaces/include/status_interfaces/status_interfaces/msg/rosidl_generator_cpp__visibility_control.hpp
[2.059s] -- Up-to-date: /home/nrrr/ros2Learn/mycode/L3/topic_project/install/status_interfaces/include/status_interfaces/status_interfaces/msg/sysytem_status.hpp
[2.059s] -- Up-to-date: /home/nrrr/ros2Learn/mycode/L3/topic_project/install/status_interfaces/include/status_interfaces/status_interfaces/msg/detail
[2.059s] -- Installing: /home/nrrr/ros2Learn/mycode/L3/topic_project/install/status_interfaces/include/status_interfaces/status_interfaces/msg/detail/system_status__type_support.hpp
[2.059s] -- Up-to-date: /home/nrrr/ros2Learn/mycode/L3/topic_project/install/status_interfaces/include/status_interfaces/status_interfaces/msg/detail/sysytem_status__builder.hpp
[2.059s] -- Up-to-date: /home/nrrr/ros2Learn/mycode/L3/topic_project/install/status_interfaces/include/status_interfaces/status_interfaces/msg/detail/sysytem_status__struct.hpp
[2.059s] -- Up-to-date: /home/nrrr/ros2Learn/mycode/L3/topic_project/install/status_interfaces/include/status_interfaces/status_interfaces/msg/detail/sysytem_status__traits.hpp
[2.059s] -- Up-to-date: /home/nrrr/ros2Learn/mycode/L3/topic_project/install/status_interfaces/include/status_interfaces/status_interfaces/msg/detail/sysytem_status__type_support.hpp
[2.060s] -- Installing: /home/nrrr/ros2Learn/mycode/L3/topic_project/install/status_interfaces/include/status_interfaces/status_interfaces/msg/detail/system_status__struct.hpp
[2.060s] -- Installing: /home/nrrr/ros2Learn/mycode/L3/topic_project/install/status_interfaces/include/status_interfaces/status_interfaces/msg/detail/system_status__traits.hpp
[2.060s] -- Installing: /home/nrrr/ros2Learn/mycode/L3/topic_project/install/status_interfaces/include/status_interfaces/status_interfaces/msg/detail/system_status__builder.hpp
[2.060s] -- Up-to-date: /home/nrrr/ros2Learn/mycode/L3/topic_project/install/status_interfaces/include/status_interfaces/status_interfaces
[2.060s] -- Up-to-date: /home/nrrr/ros2Learn/mycode/L3/topic_project/install/status_interfaces/include/status_interfaces/status_interfaces/msg
[2.060s] -- Up-to-date: /home/nrrr/ros2Learn/mycode/L3/topic_project/install/status_interfaces/include/status_interfaces/status_interfaces/msg/detail
[2.060s] -- Up-to-date: /home/nrrr/ros2Learn/mycode/L3/topic_project/install/status_interfaces/include/status_interfaces/status_interfaces/msg/detail/dds_fastrtps
[2.060s] -- Up-to-date: /home/nrrr/ros2Learn/mycode/L3/topic_project/install/status_interfaces/include/status_interfaces/status_interfaces/msg/detail/sysytem_status__rosidl_typesupport_fastrtps_cpp.hpp
[2.060s] -- Installing: /home/nrrr/ros2Learn/mycode/L3/topic_project/install/status_interfaces/include/status_interfaces/status_interfaces/msg/detail/system_status__rosidl_typesupport_fastrtps_cpp.hpp
[2.060s] -- Up-to-date: /home/nrrr/ros2Learn/mycode/L3/topic_project/install/status_interfaces/include/status_interfaces/status_interfaces/msg/rosidl_typesupport_fastrtps_cpp__visibility_control.h
[2.061s] -- Installing: /home/nrrr/ros2Learn/mycode/L3/topic_project/install/status_interfaces/lib/libstatus_interfaces__rosidl_typesupport_fastrtps_cpp.so
[2.061s] -- Set non-toolchain portion of runtime path of "/home/nrrr/ros2Learn/mycode/L3/topic_project/install/status_interfaces/lib/libstatus_interfaces__rosidl_typesupport_fastrtps_cpp.so" to ""
[2.061s] -- Up-to-date: /home/nrrr/ros2Learn/mycode/L3/topic_project/install/status_interfaces/include/status_interfaces/status_interfaces
[2.061s] -- Up-to-date: /home/nrrr/ros2Learn/mycode/L3/topic_project/install/status_interfaces/include/status_interfaces/status_interfaces/msg
[2.061s] -- Up-to-date: /home/nrrr/ros2Learn/mycode/L3/topic_project/install/status_interfaces/include/status_interfaces/status_interfaces/msg/rosidl_typesupport_introspection_c__visibility_control.h
[2.061s] -- Up-to-date: /home/nrrr/ros2Learn/mycode/L3/topic_project/install/status_interfaces/include/status_interfaces/status_interfaces/msg/detail
[2.061s] -- Up-to-date: /home/nrrr/ros2Learn/mycode/L3/topic_project/install/status_interfaces/include/status_interfaces/status_interfaces/msg/detail/sysytem_status__type_support.c
[2.061s] -- Installing: /home/nrrr/ros2Learn/mycode/L3/topic_project/install/status_interfaces/include/status_interfaces/status_interfaces/msg/detail/system_status__rosidl_typesupport_introspection_c.h
[2.061s] -- Up-to-date: /home/nrrr/ros2Learn/mycode/L3/topic_project/install/status_interfaces/include/status_interfaces/status_interfaces/msg/detail/system_status__type_support.c
[2.061s] -- Up-to-date: /home/nrrr/ros2Learn/mycode/L3/topic_project/install/status_interfaces/include/status_interfaces/status_interfaces/msg/detail/sysytem_status__rosidl_typesupport_introspection_c.h
[2.061s] -- Installing: /home/nrrr/ros2Learn/mycode/L3/topic_project/install/status_interfaces/lib/libstatus_interfaces__rosidl_typesupport_introspection_c.so
[2.061s] -- Set non-toolchain portion of runtime path of "/home/nrrr/ros2Learn/mycode/L3/topic_project/install/status_interfaces/lib/libstatus_interfaces__rosidl_typesupport_introspection_c.so" to ""
[2.061s] -- Installing: /home/nrrr/ros2Learn/mycode/L3/topic_project/install/status_interfaces/lib/libstatus_interfaces__rosidl_typesupport_c.so
[2.061s] -- Set non-toolchain portion of runtime path of "/home/nrrr/ros2Learn/mycode/L3/topic_project/install/status_interfaces/lib/libstatus_interfaces__rosidl_typesupport_c.so" to ""
[2.061s] -- Up-to-date: /home/nrrr/ros2Learn/mycode/L3/topic_project/install/status_interfaces/include/status_interfaces/status_interfaces
[2.061s] -- Up-to-date: /home/nrrr/ros2Learn/mycode/L3/topic_project/install/status_interfaces/include/status_interfaces/status_interfaces/msg
[2.061s] -- Up-to-date: /home/nrrr/ros2Learn/mycode/L3/topic_project/install/status_interfaces/include/status_interfaces/status_interfaces/msg/detail
[2.061s] -- Installing: /home/nrrr/ros2Learn/mycode/L3/topic_project/install/status_interfaces/include/status_interfaces/status_interfaces/msg/detail/system_status__type_support.cpp
[2.062s] -- Installing: /home/nrrr/ros2Learn/mycode/L3/topic_project/install/status_interfaces/include/status_interfaces/status_interfaces/msg/detail/system_status__rosidl_typesupport_introspection_cpp.hpp
[2.062s] -- Up-to-date: /home/nrrr/ros2Learn/mycode/L3/topic_project/install/status_interfaces/include/status_interfaces/status_interfaces/msg/detail/sysytem_status__rosidl_typesupport_introspection_cpp.hpp
[2.062s] -- Up-to-date: /home/nrrr/ros2Learn/mycode/L3/topic_project/install/status_interfaces/include/status_interfaces/status_interfaces/msg/detail/sysytem_status__type_support.cpp
[2.062s] -- Installing: /home/nrrr/ros2Learn/mycode/L3/topic_project/install/status_interfaces/lib/libstatus_interfaces__rosidl_typesupport_introspection_cpp.so
[2.062s] -- Set non-toolchain portion of runtime path of "/home/nrrr/ros2Learn/mycode/L3/topic_project/install/status_interfaces/lib/libstatus_interfaces__rosidl_typesupport_introspection_cpp.so" to ""
[2.062s] -- Installing: /home/nrrr/ros2Learn/mycode/L3/topic_project/install/status_interfaces/lib/libstatus_interfaces__rosidl_typesupport_cpp.so
[2.062s] -- Set non-toolchain portion of runtime path of "/home/nrrr/ros2Learn/mycode/L3/topic_project/install/status_interfaces/lib/libstatus_interfaces__rosidl_typesupport_cpp.so" to ""
[2.062s] -- Up-to-date: /home/nrrr/ros2Learn/mycode/L3/topic_project/install/status_interfaces/share/status_interfaces/environment/pythonpath.sh
[2.062s] -- Up-to-date: /home/nrrr/ros2Learn/mycode/L3/topic_project/install/status_interfaces/share/status_interfaces/environment/pythonpath.dsv
[2.062s] -- Up-to-date: /home/nrrr/ros2Learn/mycode/L3/topic_project/install/status_interfaces/lib/python3.12/site-packages/status_interfaces-0.0.0-py3.12.egg-info
[2.062s] -- Installing: /home/nrrr/ros2Learn/mycode/L3/topic_project/install/status_interfaces/lib/python3.12/site-packages/status_interfaces-0.0.0-py3.12.egg-info/dependency_links.txt
[2.062s] -- Installing: /home/nrrr/ros2Learn/mycode/L3/topic_project/install/status_interfaces/lib/python3.12/site-packages/status_interfaces-0.0.0-py3.12.egg-info/SOURCES.txt
[2.062s] -- Installing: /home/nrrr/ros2Learn/mycode/L3/topic_project/install/status_interfaces/lib/python3.12/site-packages/status_interfaces-0.0.0-py3.12.egg-info/top_level.txt
[2.062s] -- Installing: /home/nrrr/ros2Learn/mycode/L3/topic_project/install/status_interfaces/lib/python3.12/site-packages/status_interfaces-0.0.0-py3.12.egg-info/PKG-INFO
[2.062s] -- Up-to-date: /home/nrrr/ros2Learn/mycode/L3/topic_project/install/status_interfaces/lib/python3.12/site-packages/status_interfaces
[2.062s] -- Installing: /home/nrrr/ros2Learn/mycode/L3/topic_project/install/status_interfaces/lib/python3.12/site-packages/status_interfaces/_status_interfaces_s.ep.rosidl_typesupport_c.c
[2.062s] -- Installing: /home/nrrr/ros2Learn/mycode/L3/topic_project/install/status_interfaces/lib/python3.12/site-packages/status_interfaces/status_interfaces_s__rosidl_typesupport_introspection_c.so
[2.062s] -- Up-to-date: /home/nrrr/ros2Learn/mycode/L3/topic_project/install/status_interfaces/lib/python3.12/site-packages/status_interfaces/msg
[2.062s] -- Up-to-date: /home/nrrr/ros2Learn/mycode/L3/topic_project/install/status_interfaces/lib/python3.12/site-packages/status_interfaces/msg/_sysytem_status_s.c
[2.063s] -- Installing: /home/nrrr/ros2Learn/mycode/L3/topic_project/install/status_interfaces/lib/python3.12/site-packages/status_interfaces/msg/_system_status_s.c
[2.063s] -- Up-to-date: /home/nrrr/ros2Learn/mycode/L3/topic_project/install/status_interfaces/lib/python3.12/site-packages/status_interfaces/msg/_sysytem_status.py
[2.063s] -- Installing: /home/nrrr/ros2Learn/mycode/L3/topic_project/install/status_interfaces/lib/python3.12/site-packages/status_interfaces/msg/_system_status.py
[2.063s] -- Installing: /home/nrrr/ros2Learn/mycode/L3/topic_project/install/status_interfaces/lib/python3.12/site-packages/status_interfaces/msg/__init__.py
[2.063s] -- Installing: /home/nrrr/ros2Learn/mycode/L3/topic_project/install/status_interfaces/lib/python3.12/site-packages/status_interfaces/status_interfaces_s__rosidl_typesupport_fastrtps_c.so
[2.063s] -- Installing: /home/nrrr/ros2Learn/mycode/L3/topic_project/install/status_interfaces/lib/python3.12/site-packages/status_interfaces/_status_interfaces_s.ep.rosidl_typesupport_introspection_c.c
[2.063s] -- Installing: /home/nrrr/ros2Learn/mycode/L3/topic_project/install/status_interfaces/lib/python3.12/site-packages/status_interfaces/status_interfaces_s__rosidl_typesupport_c.so
[2.063s] -- Installing: /home/nrrr/ros2Learn/mycode/L3/topic_project/install/status_interfaces/lib/python3.12/site-packages/status_interfaces/__init__.py
[2.063s] -- Installing: /home/nrrr/ros2Learn/mycode/L3/topic_project/install/status_interfaces/lib/python3.12/site-packages/status_interfaces/_status_interfaces_s.ep.rosidl_typesupport_fastrtps_c.c
[2.083s] Listing '/home/nrrr/ros2Learn/mycode/L3/topic_project/install/status_interfaces/lib/python3.12/site-packages/status_interfaces'...
[2.083s] Compiling '/home/nrrr/ros2Learn/mycode/L3/topic_project/install/status_interfaces/lib/python3.12/site-packages/status_interfaces/__init__.py'...
[2.083s] Listing '/home/nrrr/ros2Learn/mycode/L3/topic_project/install/status_interfaces/lib/python3.12/site-packages/status_interfaces/msg'...
[2.083s] Compiling '/home/nrrr/ros2Learn/mycode/L3/topic_project/install/status_interfaces/lib/python3.12/site-packages/status_interfaces/msg/__init__.py'...
[2.083s] Compiling '/home/nrrr/ros2Learn/mycode/L3/topic_project/install/status_interfaces/lib/python3.12/site-packages/status_interfaces/msg/_system_status.py'...
[2.086s] -- Installing: /home/nrrr/ros2Learn/mycode/L3/topic_project/install/status_interfaces/lib/python3.12/site-packages/status_interfaces/status_interfaces_s__rosidl_typesupport_fastrtps_c.so
[2.086s] -- Set non-toolchain portion of runtime path of "/home/nrrr/ros2Learn/mycode/L3/topic_project/install/status_interfaces/lib/python3.12/site-packages/status_interfaces/status_interfaces_s__rosidl_typesupport_fastrtps_c.so" to ""
[2.086s] -- Installing: /home/nrrr/ros2Learn/mycode/L3/topic_project/install/status_interfaces/lib/python3.12/site-packages/status_interfaces/status_interfaces_s__rosidl_typesupport_introspection_c.so
[2.086s] -- Set non-toolchain portion of runtime path of "/home/nrrr/ros2Learn/mycode/L3/topic_project/install/status_interfaces/lib/python3.12/site-packages/status_interfaces/status_interfaces_s__rosidl_typesupport_introspection_c.so" to ""
[2.086s] -- Installing: /home/nrrr/ros2Learn/mycode/L3/topic_project/install/status_interfaces/lib/python3.12/site-packages/status_interfaces/status_interfaces_s__rosidl_typesupport_c.so
[2.086s] -- Set non-toolchain portion of runtime path of "/home/nrrr/ros2Learn/mycode/L3/topic_project/install/status_interfaces/lib/python3.12/site-packages/status_interfaces/status_interfaces_s__rosidl_typesupport_c.so" to ""
[2.086s] -- Installing: /home/nrrr/ros2Learn/mycode/L3/topic_project/install/status_interfaces/lib/libstatus_interfaces__rosidl_generator_py.so
[2.086s] -- Set non-toolchain portion of runtime path of "/home/nrrr/ros2Learn/mycode/L3/topic_project/install/status_interfaces/lib/libstatus_interfaces__rosidl_generator_py.so" to ""
[2.086s] -- Installing: /home/nrrr/ros2Learn/mycode/L3/topic_project/install/status_interfaces/share/status_interfaces/msg/SystemStatus.idl
[2.086s] -- Installing: /home/nrrr/ros2Learn/mycode/L3/topic_project/install/status_interfaces/share/status_interfaces/msg/SystemStatus.msg
[2.086s] -- Up-to-date: /home/nrrr/ros2Learn/mycode/L3/topic_project/install/status_interfaces/share/ament_index/resource_index/package_run_dependencies/status_interfaces
[2.086s] -- Up-to-date: /home/nrrr/ros2Learn/mycode/L3/topic_project/install/status_interfaces/share/ament_index/resource_index/parent_prefix_path/status_interfaces
[2.086s] -- Up-to-date: /home/nrrr/ros2Learn/mycode/L3/topic_project/install/status_interfaces/share/status_interfaces/environment/ament_prefix_path.sh
[2.086s] -- Up-to-date: /home/nrrr/ros2Learn/mycode/L3/topic_project/install/status_interfaces/share/status_interfaces/environment/ament_prefix_path.dsv
[2.086s] -- Up-to-date: /home/nrrr/ros2Learn/mycode/L3/topic_project/install/status_interfaces/share/status_interfaces/environment/path.sh
[2.086s] -- Up-to-date: /home/nrrr/ros2Learn/mycode/L3/topic_project/install/status_interfaces/share/status_interfaces/environment/path.dsv
[2.087s] -- Up-to-date: /home/nrrr/ros2Learn/mycode/L3/topic_project/install/status_interfaces/share/status_interfaces/local_setup.bash
[2.087s] -- Up-to-date: /home/nrrr/ros2Learn/mycode/L3/topic_project/install/status_interfaces/share/status_interfaces/local_setup.sh
[2.087s] -- Up-to-date: /home/nrrr/ros2Learn/mycode/L3/topic_project/install/status_interfaces/share/status_interfaces/local_setup.zsh
[2.087s] -- Up-to-date: /home/nrrr/ros2Learn/mycode/L3/topic_project/install/status_interfaces/share/status_interfaces/local_setup.dsv
[2.087s] -- Installing: /home/nrrr/ros2Learn/mycode/L3/topic_project/install/status_interfaces/share/status_interfaces/package.dsv
[2.087s] -- Up-to-date: /home/nrrr/ros2Learn/mycode/L3/topic_project/install/status_interfaces/share/ament_index/resource_index/packages/status_interfaces
[2.087s] -- Up-to-date: /home/nrrr/ros2Learn/mycode/L3/topic_project/install/status_interfaces/share/status_interfaces/cmake/export_status_interfaces__rosidl_generator_cExport.cmake
[2.087s] -- Up-to-date: /home/nrrr/ros2Learn/mycode/L3/topic_project/install/status_interfaces/share/status_interfaces/cmake/export_status_interfaces__rosidl_generator_cExport-noconfig.cmake
[2.087s] -- Up-to-date: /home/nrrr/ros2Learn/mycode/L3/topic_project/install/status_interfaces/share/status_interfaces/cmake/export_status_interfaces__rosidl_typesupport_fastrtps_cExport.cmake
[2.087s] -- Up-to-date: /home/nrrr/ros2Learn/mycode/L3/topic_project/install/status_interfaces/share/status_interfaces/cmake/export_status_interfaces__rosidl_typesupport_fastrtps_cExport-noconfig.cmake
[2.087s] -- Up-to-date: /home/nrrr/ros2Learn/mycode/L3/topic_project/install/status_interfaces/share/status_interfaces/cmake/export_status_interfaces__rosidl_generator_cppExport.cmake
[2.087s] -- Up-to-date: /home/nrrr/ros2Learn/mycode/L3/topic_project/install/status_interfaces/share/status_interfaces/cmake/export_status_interfaces__rosidl_typesupport_fastrtps_cppExport.cmake
[2.087s] -- Up-to-date: /home/nrrr/ros2Learn/mycode/L3/topic_project/install/status_interfaces/share/status_interfaces/cmake/export_status_interfaces__rosidl_typesupport_fastrtps_cppExport-noconfig.cmake
[2.087s] -- Up-to-date: /home/nrrr/ros2Learn/mycode/L3/topic_project/install/status_interfaces/share/status_interfaces/cmake/status_interfaces__rosidl_typesupport_introspection_cExport.cmake
[2.087s] -- Up-to-date: /home/nrrr/ros2Learn/mycode/L3/topic_project/install/status_interfaces/share/status_interfaces/cmake/status_interfaces__rosidl_typesupport_introspection_cExport-noconfig.cmake
[2.087s] -- Up-to-date: /home/nrrr/ros2Learn/mycode/L3/topic_project/install/status_interfaces/share/status_interfaces/cmake/status_interfaces__rosidl_typesupport_cExport.cmake
[2.087s] -- Up-to-date: /home/nrrr/ros2Learn/mycode/L3/topic_project/install/status_interfaces/share/status_interfaces/cmake/status_interfaces__rosidl_typesupport_cExport-noconfig.cmake
[2.087s] -- Up-to-date: /home/nrrr/ros2Learn/mycode/L3/topic_project/install/status_interfaces/share/status_interfaces/cmake/status_interfaces__rosidl_typesupport_introspection_cppExport.cmake
[2.087s] -- Up-to-date: /home/nrrr/ros2Learn/mycode/L3/topic_project/install/status_interfaces/share/status_interfaces/cmake/status_interfaces__rosidl_typesupport_introspection_cppExport-noconfig.cmake
[2.087s] -- Up-to-date: /home/nrrr/ros2Learn/mycode/L3/topic_project/install/status_interfaces/share/status_interfaces/cmake/status_interfaces__rosidl_typesupport_cppExport.cmake
[2.087s] -- Up-to-date: /home/nrrr/ros2Learn/mycode/L3/topic_project/install/status_interfaces/share/status_interfaces/cmake/status_interfaces__rosidl_typesupport_cppExport-noconfig.cmake
[2.087s] -- Up-to-date: /home/nrrr/ros2Learn/mycode/L3/topic_project/install/status_interfaces/share/status_interfaces/cmake/export_status_interfaces__rosidl_generator_pyExport.cmake
[2.087s] -- Up-to-date: /home/nrrr/ros2Learn/mycode/L3/topic_project/install/status_interfaces/share/status_interfaces/cmake/export_status_interfaces__rosidl_generator_pyExport-noconfig.cmake
[2.087s] -- Installing: /home/nrrr/ros2Learn/mycode/L3/topic_project/install/status_interfaces/share/status_interfaces/cmake/rosidl_cmake-extras.cmake
[2.087s] -- Up-to-date: /home/nrrr/ros2Learn/mycode/L3/topic_project/install/status_interfaces/share/status_interfaces/cmake/ament_cmake_export_dependencies-extras.cmake
[2.087s] -- Up-to-date: /home/nrrr/ros2Learn/mycode/L3/topic_project/install/status_interfaces/share/status_interfaces/cmake/ament_cmake_export_include_directories-extras.cmake
[2.087s] -- Up-to-date: /home/nrrr/ros2Learn/mycode/L3/topic_project/install/status_interfaces/share/status_interfaces/cmake/ament_cmake_export_libraries-extras.cmake
[2.087s] -- Up-to-date: /home/nrrr/ros2Learn/mycode/L3/topic_project/install/status_interfaces/share/status_interfaces/cmake/ament_cmake_export_targets-extras.cmake
[2.087s] -- Up-to-date: /home/nrrr/ros2Learn/mycode/L3/topic_project/install/status_interfaces/share/status_interfaces/cmake/rosidl_cmake_export_typesupport_targets-extras.cmake
[2.087s] -- Up-to-date: /home/nrrr/ros2Learn/mycode/L3/topic_project/install/status_interfaces/share/status_interfaces/cmake/rosidl_cmake_export_typesupport_libraries-extras.cmake
[2.087s] -- Up-to-date: /home/nrrr/ros2Learn/mycode/L3/topic_project/install/status_interfaces/share/status_interfaces/cmake/status_interfacesConfig.cmake
[2.087s] -- Up-to-date: /home/nrrr/ros2Learn/mycode/L3/topic_project/install/status_interfaces/share/status_interfaces/cmake/status_interfacesConfig-version.cmake
[2.087s] -- Up-to-date: /home/nrrr/ros2Learn/mycode/L3/topic_project/install/status_interfaces/share/status_interfaces/package.xml
[2.088s] Invoked command in '/home/nrrr/ros2Learn/mycode/L3/topic_project/build/status_interfaces' returned '0': CMAKE_PREFIX_PATH=${CMAKE_PREFIX_PATH}:/opt/ros/jazzy DEBUGINFOD_URLS=https://debuginfod.ubuntu.com /usr/bin/cmake --install /home/nrrr/ros2Learn/mycode/L3/topic_project/build/status_interfaces
