[0.480s] Invoking command in '/home/nrrr/ros2Learn/mycode/demo_python_pkg': DEBUGINFOD_URLS=https://debuginfod.ubuntu.com PYTHONPATH=/home/nrrr/ros2Learn/mycode/build/demo_python_pkg/prefix_override:/usr/lib/python3/dist-packages/colcon_core/task/python/colcon_distutils_commands:/home/nrrr/ros2Learn/mycode/install/demo_python_pkg/lib/python3.12/site-packages:${PYTHONPATH} /usr/bin/python3 -W ignore:setup.py install is deprecated -W ignore:easy_install command is deprecated setup.py egg_info --egg-base ../build/demo_python_pkg build --build-base /home/nrrr/ros2Learn/mycode/build/demo_python_pkg/build install --record /home/nrrr/ros2Learn/mycode/build/demo_python_pkg/install.log --single-version-externally-managed install_data
[0.597s] running egg_info
[0.597s] creating ../build/demo_python_pkg/demo_python_pkg.egg-info
[0.604s] writing ../build/demo_python_pkg/demo_python_pkg.egg-info/PKG-INFO
[0.604s] writing dependency_links to ../build/demo_python_pkg/demo_python_pkg.egg-info/dependency_links.txt
[0.605s] writing entry points to ../build/demo_python_pkg/demo_python_pkg.egg-info/entry_points.txt
[0.605s] writing requirements to ../build/demo_python_pkg/demo_python_pkg.egg-info/requires.txt
[0.605s] writing top-level names to ../build/demo_python_pkg/demo_python_pkg.egg-info/top_level.txt
[0.605s] writing manifest file '../build/demo_python_pkg/demo_python_pkg.egg-info/SOURCES.txt'
[0.620s] reading manifest file '../build/demo_python_pkg/demo_python_pkg.egg-info/SOURCES.txt'
[0.620s] adding license file 'LICENSE'
[0.620s] writing manifest file '../build/demo_python_pkg/demo_python_pkg.egg-info/SOURCES.txt'
[0.620s] running build
[0.620s] running build_py
[0.620s] creating /home/nrrr/ros2Learn/mycode/build/demo_python_pkg/build
[0.620s] creating /home/nrrr/ros2Learn/mycode/build/demo_python_pkg/build/lib
[0.620s] creating /home/nrrr/ros2Learn/mycode/build/demo_python_pkg/build/lib/demo_python_pkg
[0.620s] copying demo_python_pkg/__init__.py -> /home/nrrr/ros2Learn/mycode/build/demo_python_pkg/build/lib/demo_python_pkg
[0.620s] copying demo_python_pkg/python_node.py -> /home/nrrr/ros2Learn/mycode/build/demo_python_pkg/build/lib/demo_python_pkg
[0.620s] running install
[0.624s] running install_lib
[0.631s] creating /home/nrrr/ros2Learn/mycode/install/demo_python_pkg/lib/python3.12/site-packages/demo_python_pkg
[0.631s] copying /home/nrrr/ros2Learn/mycode/build/demo_python_pkg/build/lib/demo_python_pkg/__init__.py -> /home/nrrr/ros2Learn/mycode/install/demo_python_pkg/lib/python3.12/site-packages/demo_python_pkg
[0.631s] copying /home/nrrr/ros2Learn/mycode/build/demo_python_pkg/build/lib/demo_python_pkg/python_node.py -> /home/nrrr/ros2Learn/mycode/install/demo_python_pkg/lib/python3.12/site-packages/demo_python_pkg
[0.631s] byte-compiling /home/nrrr/ros2Learn/mycode/install/demo_python_pkg/lib/python3.12/site-packages/demo_python_pkg/__init__.py to __init__.cpython-312.pyc
[0.631s] byte-compiling /home/nrrr/ros2Learn/mycode/install/demo_python_pkg/lib/python3.12/site-packages/demo_python_pkg/python_node.py to python_node.cpython-312.pyc
[0.632s] running install_data
[0.632s] creating /home/nrrr/ros2Learn/mycode/install/demo_python_pkg/share/ament_index
[0.632s] creating /home/nrrr/ros2Learn/mycode/install/demo_python_pkg/share/ament_index/resource_index
[0.632s] creating /home/nrrr/ros2Learn/mycode/install/demo_python_pkg/share/ament_index/resource_index/packages
[0.632s] copying resource/demo_python_pkg -> /home/nrrr/ros2Learn/mycode/install/demo_python_pkg/share/ament_index/resource_index/packages
[0.632s] copying package.xml -> /home/nrrr/ros2Learn/mycode/install/demo_python_pkg/share/demo_python_pkg
[0.632s] running install_egg_info
[0.640s] Copying ../build/demo_python_pkg/demo_python_pkg.egg-info to /home/nrrr/ros2Learn/mycode/install/demo_python_pkg/lib/python3.12/site-packages/demo_python_pkg-0.0.0-py3.12.egg-info
[0.640s] running install_scripts
[0.696s] Installing python_node script to /home/nrrr/ros2Learn/mycode/install/demo_python_pkg/lib/demo_python_pkg
[0.696s] writing list of installed files to '/home/nrrr/ros2Learn/mycode/build/demo_python_pkg/install.log'
[0.714s] Invoked command in '/home/nrrr/ros2Learn/mycode/demo_python_pkg' returned '0': DEBUGINFOD_URLS=https://debuginfod.ubuntu.com PYTHONPATH=/home/nrrr/ros2Learn/mycode/build/demo_python_pkg/prefix_override:/usr/lib/python3/dist-packages/colcon_core/task/python/colcon_distutils_commands:/home/nrrr/ros2Learn/mycode/install/demo_python_pkg/lib/python3.12/site-packages:${PYTHONPATH} /usr/bin/python3 -W ignore:setup.py install is deprecated -W ignore:easy_install command is deprecated setup.py egg_info --egg-base ../build/demo_python_pkg build --build-base /home/nrrr/ros2Learn/mycode/build/demo_python_pkg/build install --record /home/nrrr/ros2Learn/mycode/build/demo_python_pkg/install.log --single-version-externally-managed install_data
