[0.006s] Invoking command in '/home/nrrr/ros2Learn/mycode/L3/topic_project/build/status_interfaces': DEBUGINFOD_URLS=https://debuginfod.ubuntu.com /usr/bin/cmake /home/nrrr/ros2Learn/mycode/L3/topic_project/src/status_interfaces -DCMAKE_INSTALL_PREFIX=/home/nrrr/ros2Learn/mycode/L3/topic_project/install/status_interfaces
[0.016s] -- Found ament_cmake: 2.5.5 (/opt/ros/jazzy/share/ament_cmake/cmake)
[0.154s] -- Found builtin_interfaces: 2.0.3 (/opt/ros/jazzy/share/builtin_interfaces/cmake)
[0.170s] -- Found rosidl_generator_c: 4.6.7 (/opt/ros/jazzy/share/rosidl_generator_c/cmake)
[0.176s] -- Found rosidl_generator_cpp: 4.6.7 (/opt/ros/jazzy/share/rosidl_generator_cpp/cmake)
[0.183s] -- Using all available rosidl_typesupport_c: rosidl_typesupport_fastrtps_c;rosidl_typesupport_introspection_c
[0.192s] -- Using all available rosidl_typesupport_cpp: rosidl_typesupport_fastrtps_cpp;rosidl_typesupport_introspection_cpp
[0.199s] -- Found rosidl_default_generators: 1.6.0 (/opt/ros/jazzy/share/rosidl_default_generators/cmake)
[0.203s] -- Found rosidl_adapter: 4.6.7 (/opt/ros/jazzy/share/rosidl_adapter/cmake)
[0.396s] [31mCMake Error at /opt/ros/jazzy/share/rosidl_adapter/cmake/rosidl_adapt_interfaces.cmake:57 (message):
[0.396s]   execute_process(/usr/bin/python3 -m rosidl_adapter --package-name
[0.396s]   status_interfaces --arguments-file
[0.396s]   /home/nrrr/ros2Learn/mycode/L3/topic_project/build/status_interfaces/rosidl_adapter__arguments__status_interfaces.json
[0.396s]   --output-dir
[0.396s]   /home/nrrr/ros2Learn/mycode/L3/topic_project/build/status_interfaces/rosidl_adapter/status_interfaces
[0.396s]   --output-file
[0.396s]   /home/nrrr/ros2Learn/mycode/L3/topic_project/build/status_interfaces/rosidl_adapter/status_interfaces.idls)
[0.396s]   returned error code 1:
[0.396s] 
[0.396s]   Error processing 'builtin_interfaces/time stamp' of
[0.396s]   'status_interfaces/SysytemStatus': ''time' is an invalid message name.  It
[0.397s]   should have the pattern '^[A-Z][A-Za-z0-9]*$''
[0.397s] 
[0.397s]   Traceback (most recent call last):
[0.397s] 
[0.397s]     File "<frozen runpy>", line 198, in _run_module_as_main
[0.397s]     File "<frozen runpy>", line 88, in _run_code
[0.397s]     File "/opt/ros/jazzy/lib/python3.12/site-packages/rosidl_adapter/__main__.py", line 19, in <module>
[0.397s]       sys.exit(main())
[0.397s]                ^^^^^^
[0.397s]     File "/opt/ros/jazzy/lib/python3.12/site-packages/rosidl_adapter/main.py", line 53, in main
[0.397s]       abs_idl_file = convert_to_idl(
[0.397s]                      ^^^^^^^^^^^^^^^
[0.397s]     File "/opt/ros/jazzy/lib/python3.12/site-packages/rosidl_adapter/__init__.py", line 19, in convert_to_idl
[0.397s]       return convert_msg_to_idl(
[0.397s]              ^^^^^^^^^^^^^^^^^^^
[0.398s]     File "/opt/ros/jazzy/lib/python3.12/site-packages/rosidl_adapter/msg/__init__.py", line 28, in convert_msg_to_idl
[0.398s]       msg = parse_message_string(package_name, input_file.stem, content)
[0.398s]             ^^^^^^^^^^^^^^^^^^^^^^^^^^^^^^^^^^^^^^^^^^^^^^^^^^^^^^^^^^^^
[0.398s]     File "/opt/ros/jazzy/lib/python3.12/site-packages/rosidl_adapter/parser.py", line 521, in parse_message_string
[0.398s]       Type(type_string, context_package_name=pkg_name),
[0.398s]       ^^^^^^^^^^^^^^^^^^^^^^^^^^^^^^^^^^^^^^^^^^^^^^^^
[0.398s]     File "/opt/ros/jazzy/lib/python3.12/site-packages/rosidl_adapter/parser.py", line 278, in __init__
[0.398s]       super(Type, self).__init__(
[0.398s]     File "/opt/ros/jazzy/lib/python3.12/site-packages/rosidl_adapter/parser.py", line 206, in __init__
[0.398s]       raise InvalidResourceName(
[0.398s] 
[0.398s]   rosidl_adapter.parser.InvalidResourceName: 'time' is an invalid message
[0.398s]   name.  It should have the pattern '^[A-Z][A-Za-z0-9]*$'
[0.398s] 
[0.398s] Call Stack (most recent call first):
[0.399s]   /opt/ros/jazzy/share/rosidl_cmake/cmake/rosidl_generate_interfaces.cmake:132 (rosidl_adapt_interfaces)
[0.399s]   CMakeLists.txt:13 (rosidl_generate_interfaces)
[0.399s] 
[0.399s] [0m
[0.400s] -- Configuring incomplete, errors occurred!
[0.400s] Invoked command in '/home/nrrr/ros2Learn/mycode/L3/topic_project/build/status_interfaces' returned '1': DEBUGINFOD_URLS=https://debuginfod.ubuntu.com /usr/bin/cmake /home/nrrr/ros2Learn/mycode/L3/topic_project/src/status_interfaces -DCMAKE_INSTALL_PREFIX=/home/nrrr/ros2Learn/mycode/L3/topic_project/install/status_interfaces
