[0.343s] Invoking command in '/home/nrrr/ros2Learn/mycode/L2/L2_ws/src/demo_python_pkg': DEBUGINFOD_URLS=https://debuginfod.ubuntu.com PYTHONPATH=/home/nrrr/ros2Learn/mycode/L2/L2_ws/build/demo_python_pkg/prefix_override:/usr/lib/python3/dist-packages/colcon_core/task/python/colcon_distutils_commands:/home/nrrr/ros2Learn/mycode/L2/L2_ws/install/demo_python_pkg/lib/python3.12/site-packages:${PYTHONPATH} /usr/bin/python3 -W ignore:setup.py install is deprecated -W ignore:easy_install command is deprecated setup.py egg_info --egg-base ../../build/demo_python_pkg build --build-base /home/nrrr/ros2Learn/mycode/L2/L2_ws/build/demo_python_pkg/build install --record /home/nrrr/ros2Learn/mycode/L2/L2_ws/build/demo_python_pkg/install.log --single-version-externally-managed install_data
[0.460s] running egg_info
[0.468s] writing ../../build/demo_python_pkg/demo_python_pkg.egg-info/PKG-INFO
[0.468s] writing dependency_links to ../../build/demo_python_pkg/demo_python_pkg.egg-info/dependency_links.txt
[0.468s] writing entry points to ../../build/demo_python_pkg/demo_python_pkg.egg-info/entry_points.txt
[0.468s] writing requirements to ../../build/demo_python_pkg/demo_python_pkg.egg-info/requires.txt
[0.468s] writing top-level names to ../../build/demo_python_pkg/demo_python_pkg.egg-info/top_level.txt
[0.483s] reading manifest file '../../build/demo_python_pkg/demo_python_pkg.egg-info/SOURCES.txt'
[0.484s] adding license file 'LICENSE'
[0.484s] writing manifest file '../../build/demo_python_pkg/demo_python_pkg.egg-info/SOURCES.txt'
[0.484s] running build
[0.484s] running build_py
[0.484s] copying demo_python_pkg/person_node2.py -> /home/nrrr/ros2Learn/mycode/L2/L2_ws/build/demo_python_pkg/build/lib/demo_python_pkg
[0.484s] running install
[0.487s] running install_lib
[0.495s] copying /home/nrrr/ros2Learn/mycode/L2/L2_ws/build/demo_python_pkg/build/lib/demo_python_pkg/person_node2.py -> /home/nrrr/ros2Learn/mycode/L2/L2_ws/install/demo_python_pkg/lib/python3.12/site-packages/demo_python_pkg
[0.495s] byte-compiling /home/nrrr/ros2Learn/mycode/L2/L2_ws/install/demo_python_pkg/lib/python3.12/site-packages/demo_python_pkg/person_node2.py to person_node2.cpython-312.pyc
[0.495s] running install_data
[0.495s] running install_egg_info
[0.495s] Sorry: IndentationError: expected an indented block after function definition on line 8 (person_node2.py, line 12)
[0.504s] removing '/home/nrrr/ros2Learn/mycode/L2/L2_ws/install/demo_python_pkg/lib/python3.12/site-packages/demo_python_pkg-0.0.0-py3.12.egg-info' (and everything under it)
[0.504s] Copying ../../build/demo_python_pkg/demo_python_pkg.egg-info to /home/nrrr/ros2Learn/mycode/L2/L2_ws/install/demo_python_pkg/lib/python3.12/site-packages/demo_python_pkg-0.0.0-py3.12.egg-info
[0.504s] running install_scripts
[0.557s] Installing person_node2 script to /home/nrrr/ros2Learn/mycode/L2/L2_ws/install/demo_python_pkg/lib/demo_python_pkg
[0.558s] Installing python_node script to /home/nrrr/ros2Learn/mycode/L2/L2_ws/install/demo_python_pkg/lib/demo_python_pkg
[0.558s] Installing writer_node script to /home/nrrr/ros2Learn/mycode/L2/L2_ws/install/demo_python_pkg/lib/demo_python_pkg
[0.558s] writing list of installed files to '/home/nrrr/ros2Learn/mycode/L2/L2_ws/build/demo_python_pkg/install.log'
[0.570s] Invoked command in '/home/nrrr/ros2Learn/mycode/L2/L2_ws/src/demo_python_pkg' returned '0': DEBUGINFOD_URLS=https://debuginfod.ubuntu.com PYTHONPATH=/home/nrrr/ros2Learn/mycode/L2/L2_ws/build/demo_python_pkg/prefix_override:/usr/lib/python3/dist-packages/colcon_core/task/python/colcon_distutils_commands:/home/nrrr/ros2Learn/mycode/L2/L2_ws/install/demo_python_pkg/lib/python3.12/site-packages:${PYTHONPATH} /usr/bin/python3 -W ignore:setup.py install is deprecated -W ignore:easy_install command is deprecated setup.py egg_info --egg-base ../../build/demo_python_pkg build --build-base /home/nrrr/ros2Learn/mycode/L2/L2_ws/build/demo_python_pkg/build install --record /home/nrrr/ros2Learn/mycode/L2/L2_ws/build/demo_python_pkg/install.log --single-version-externally-managed install_data
