[0.415s] Invoking command in '/home/nrrr/ros2Learn/mycode/L3/topic_ws/src/demo_python_topic': DEBUGINFOD_URLS=https://debuginfod.ubuntu.com PYTHONPATH=/home/nrrr/ros2Learn/mycode/L3/topic_ws/build/demo_python_topic/prefix_override:/usr/lib/python3/dist-packages/colcon_core/task/python/colcon_distutils_commands:/home/nrrr/ros2Learn/mycode/L3/topic_ws/install/demo_python_topic/lib/python3.12/site-packages:${PYTHONPATH} /usr/bin/python3 -W ignore:setup.py install is deprecated -W ignore:easy_install command is deprecated setup.py egg_info --egg-base ../../build/demo_python_topic build --build-base /home/nrrr/ros2Learn/mycode/L3/topic_ws/build/demo_python_topic/build install --record /home/nrrr/ros2Learn/mycode/L3/topic_ws/build/demo_python_topic/install.log --single-version-externally-managed install_data
[0.550s] running egg_info
[0.559s] writing ../../build/demo_python_topic/demo_python_topic.egg-info/PKG-INFO
[0.559s] writing dependency_links to ../../build/demo_python_topic/demo_python_topic.egg-info/dependency_links.txt
[0.559s] writing entry points to ../../build/demo_python_topic/demo_python_topic.egg-info/entry_points.txt
[0.559s] writing requirements to ../../build/demo_python_topic/demo_python_topic.egg-info/requires.txt
[0.559s] writing top-level names to ../../build/demo_python_topic/demo_python_topic.egg-info/top_level.txt
[0.577s] reading manifest file '../../build/demo_python_topic/demo_python_topic.egg-info/SOURCES.txt'
[0.578s] adding license file 'LICENSE'
[0.578s] writing manifest file '../../build/demo_python_topic/demo_python_topic.egg-info/SOURCES.txt'
[0.578s] running build
[0.578s] running build_py
[0.578s] running install
[0.582s] running install_lib
[0.592s] running install_data
[0.592s] running install_egg_info
[0.602s] removing '/home/nrrr/ros2Learn/mycode/L3/topic_ws/install/demo_python_topic/lib/python3.12/site-packages/demo_python_topic-0.0.0-py3.12.egg-info' (and everything under it)
[0.602s] Copying ../../build/demo_python_topic/demo_python_topic.egg-info to /home/nrrr/ros2Learn/mycode/L3/topic_ws/install/demo_python_topic/lib/python3.12/site-packages/demo_python_topic-0.0.0-py3.12.egg-info
[0.603s] running install_scripts
[0.670s] Installing novel_pub_node script to /home/nrrr/ros2Learn/mycode/L3/topic_ws/install/demo_python_topic/lib/demo_python_topic
[0.670s] Installing novel_sub_node script to /home/nrrr/ros2Learn/mycode/L3/topic_ws/install/demo_python_topic/lib/demo_python_topic
[0.670s] Installing novel_sub_node_2 script to /home/nrrr/ros2Learn/mycode/L3/topic_ws/install/demo_python_topic/lib/demo_python_topic
[0.670s] writing list of installed files to '/home/nrrr/ros2Learn/mycode/L3/topic_ws/build/demo_python_topic/install.log'
[0.684s] Invoked command in '/home/nrrr/ros2Learn/mycode/L3/topic_ws/src/demo_python_topic' returned '0': DEBUGINFOD_URLS=https://debuginfod.ubuntu.com PYTHONPATH=/home/nrrr/ros2Learn/mycode/L3/topic_ws/build/demo_python_topic/prefix_override:/usr/lib/python3/dist-packages/colcon_core/task/python/colcon_distutils_commands:/home/nrrr/ros2Learn/mycode/L3/topic_ws/install/demo_python_topic/lib/python3.12/site-packages:${PYTHONPATH} /usr/bin/python3 -W ignore:setup.py install is deprecated -W ignore:easy_install command is deprecated setup.py egg_info --egg-base ../../build/demo_python_topic build --build-base /home/nrrr/ros2Learn/mycode/L3/topic_ws/build/demo_python_topic/build install --record /home/nrrr/ros2Learn/mycode/L3/topic_ws/build/demo_python_topic/install.log --single-version-externally-managed install_data
