[0.518s] Invoking command in '/home/nrrr/ros2Learn/mycode/L2/L2_ws/src/demo_python_pkg': DEBUGINFOD_URLS=https://debuginfod.ubuntu.com PYTHONPATH=/home/nrrr/ros2Learn/mycode/L2/L2_ws/build/demo_python_pkg/prefix_override:/usr/lib/python3/dist-packages/colcon_core/task/python/colcon_distutils_commands:/home/nrrr/ros2Learn/mycode/L2/L2_ws/install/demo_python_pkg/lib/python3.12/site-packages:${PYTHONPATH} /usr/bin/python3 -W ignore:setup.py install is deprecated -W ignore:easy_install command is deprecated setup.py egg_info --egg-base ../../build/demo_python_pkg build --build-base /home/nrrr/ros2Learn/mycode/L2/L2_ws/build/demo_python_pkg/build install --record /home/nrrr/ros2Learn/mycode/L2/L2_ws/build/demo_python_pkg/install.log --single-version-externally-managed install_data
[0.646s] running egg_info
[0.654s] writing ../../build/demo_python_pkg/demo_python_pkg.egg-info/PKG-INFO
[0.654s] writing dependency_links to ../../build/demo_python_pkg/demo_python_pkg.egg-info/dependency_links.txt
[0.654s] writing entry points to ../../build/demo_python_pkg/demo_python_pkg.egg-info/entry_points.txt
[0.654s] writing requirements to ../../build/demo_python_pkg/demo_python_pkg.egg-info/requires.txt
[0.654s] writing top-level names to ../../build/demo_python_pkg/demo_python_pkg.egg-info/top_level.txt
[0.670s] reading manifest file '../../build/demo_python_pkg/demo_python_pkg.egg-info/SOURCES.txt'
[0.689s] adding license file 'LICENSE'
[0.690s] writing manifest file '../../build/demo_python_pkg/demo_python_pkg.egg-info/SOURCES.txt'
[0.690s] running build
[0.690s] running build_py
[0.690s] copying demo_python_pkg/learn_thread.py -> /home/nrrr/ros2Learn/mycode/L2/L2_ws/build/demo_python_pkg/build/lib/demo_python_pkg
[0.690s] running install
[0.694s] running install_lib
[0.702s] copying /home/nrrr/ros2Learn/mycode/L2/L2_ws/build/demo_python_pkg/build/lib/demo_python_pkg/learn_thread.py -> /home/nrrr/ros2Learn/mycode/L2/L2_ws/install/demo_python_pkg/lib/python3.12/site-packages/demo_python_pkg
[0.702s] byte-compiling /home/nrrr/ros2Learn/mycode/L2/L2_ws/install/demo_python_pkg/lib/python3.12/site-packages/demo_python_pkg/learn_thread.py to learn_thread.cpython-312.pyc
[0.703s] running install_data
[0.703s] running install_egg_info
[0.711s] removing '/home/nrrr/ros2Learn/mycode/L2/L2_ws/install/demo_python_pkg/lib/python3.12/site-packages/demo_python_pkg-0.0.0-py3.12.egg-info' (and everything under it)
[0.712s] Copying ../../build/demo_python_pkg/demo_python_pkg.egg-info to /home/nrrr/ros2Learn/mycode/L2/L2_ws/install/demo_python_pkg/lib/python3.12/site-packages/demo_python_pkg-0.0.0-py3.12.egg-info
[0.712s] running install_scripts
[0.766s] Installing learn_thread script to /home/nrrr/ros2Learn/mycode/L2/L2_ws/install/demo_python_pkg/lib/demo_python_pkg
[0.766s] Installing person_node2 script to /home/nrrr/ros2Learn/mycode/L2/L2_ws/install/demo_python_pkg/lib/demo_python_pkg
[0.766s] Installing python_node script to /home/nrrr/ros2Learn/mycode/L2/L2_ws/install/demo_python_pkg/lib/demo_python_pkg
[0.766s] Installing writer_node script to /home/nrrr/ros2Learn/mycode/L2/L2_ws/install/demo_python_pkg/lib/demo_python_pkg
[0.766s] writing list of installed files to '/home/nrrr/ros2Learn/mycode/L2/L2_ws/build/demo_python_pkg/install.log'
[0.778s] Invoked command in '/home/nrrr/ros2Learn/mycode/L2/L2_ws/src/demo_python_pkg' returned '0': DEBUGINFOD_URLS=https://debuginfod.ubuntu.com PYTHONPATH=/home/nrrr/ros2Learn/mycode/L2/L2_ws/build/demo_python_pkg/prefix_override:/usr/lib/python3/dist-packages/colcon_core/task/python/colcon_distutils_commands:/home/nrrr/ros2Learn/mycode/L2/L2_ws/install/demo_python_pkg/lib/python3.12/site-packages:${PYTHONPATH} /usr/bin/python3 -W ignore:setup.py install is deprecated -W ignore:easy_install command is deprecated setup.py egg_info --egg-base ../../build/demo_python_pkg build --build-base /home/nrrr/ros2Learn/mycode/L2/L2_ws/build/demo_python_pkg/build install --record /home/nrrr/ros2Learn/mycode/L2/L2_ws/build/demo_python_pkg/install.log --single-version-externally-managed install_data
