[0.046s] DEBUG:colcon:Command line arguments: ['/usr/bin/colcon', 'build']
[0.046s] DEBUG:colcon:Parsed command line arguments: Namespace(log_base=None, log_level=None, verb_name='build', build_base='build', install_base='install', merge_install=False, symlink_install=False, test_result_base=None, continue_on_error=False, executor='parallel', parallel_workers=24, event_handlers=None, ignore_user_meta=False, metas=['./colcon.meta'], base_paths=['.'], packages_ignore=None, packages_ignore_regex=None, paths=None, packages_up_to=None, packages_up_to_regex=None, packages_above=None, packages_above_and_dependencies=None, packages_above_depth=None, packages_select_by_dep=None, packages_skip_by_dep=None, packages_skip_up_to=None, packages_select_build_failed=False, packages_skip_build_finished=False, packages_select_test_failures=False, packages_skip_test_passed=False, packages_select=None, packages_skip=None, packages_select_regex=None, packages_skip_regex=None, packages_start=None, packages_end=None, allow_overriding=[], cmake_args=None, cmake_target=None, cmake_target_skip_unavailable=False, cmake_clean_cache=False, cmake_clean_first=False, cmake_force_configure=False, ament_cmake_args=None, catkin_cmake_args=None, catkin_skip_building_tests=False, verb_parser=<colcon_defaults.argument_parser.defaults.DefaultArgumentsDecorator object at 0x77b0980578f0>, verb_extension=<colcon_core.verb.build.BuildVerb object at 0x77b0981f97f0>, main=<bound method BuildVerb.main of <colcon_core.verb.build.BuildVerb object at 0x77b0981f97f0>>)
[0.066s] Level 1:colcon.colcon_core.package_discovery:discover_packages(colcon_meta) check parameters
[0.066s] Level 1:colcon.colcon_core.package_discovery:discover_packages(recursive) check parameters
[0.066s] Level 1:colcon.colcon_core.package_discovery:discover_packages(ignore) check parameters
[0.066s] Level 1:colcon.colcon_core.package_discovery:discover_packages(path) check parameters
[0.066s] Level 1:colcon.colcon_core.package_discovery:discover_packages(colcon_meta) discover
[0.066s] Level 1:colcon.colcon_core.package_discovery:discover_packages(recursive) discover
[0.066s] INFO:colcon.colcon_core.package_discovery:Crawling recursively for packages in '/home/nrrr/ros2Learn/mycode/L3/topic_project'
[0.066s] Level 1:colcon.colcon_core.package_identification:_identify(.) by extensions ['ignore', 'ignore_ament_install']
[0.066s] Level 1:colcon.colcon_core.package_identification:_identify(.) by extension 'ignore'
[0.067s] Level 1:colcon.colcon_core.package_identification:_identify(.) by extension 'ignore_ament_install'
[0.067s] Level 1:colcon.colcon_core.package_identification:_identify(.) by extensions ['colcon_pkg']
[0.067s] Level 1:colcon.colcon_core.package_identification:_identify(.) by extension 'colcon_pkg'
[0.067s] Level 1:colcon.colcon_core.package_identification:_identify(.) by extensions ['colcon_meta']
[0.067s] Level 1:colcon.colcon_core.package_identification:_identify(.) by extension 'colcon_meta'
[0.067s] Level 1:colcon.colcon_core.package_identification:_identify(.) by extensions ['ros']
[0.067s] Level 1:colcon.colcon_core.package_identification:_identify(.) by extension 'ros'
[0.080s] Level 1:colcon.colcon_core.package_identification:_identify(.) by extensions ['cmake', 'python']
[0.080s] Level 1:colcon.colcon_core.package_identification:_identify(.) by extension 'cmake'
[0.080s] Level 1:colcon.colcon_core.package_identification:_identify(.) by extension 'python'
[0.080s] Level 1:colcon.colcon_core.package_identification:_identify(.) by extensions ['python_setup_py']
[0.080s] Level 1:colcon.colcon_core.package_identification:_identify(.) by extension 'python_setup_py'
[0.080s] Level 1:colcon.colcon_core.package_identification:_identify(build) by extensions ['ignore', 'ignore_ament_install']
[0.080s] Level 1:colcon.colcon_core.package_identification:_identify(build) by extension 'ignore'
[0.080s] Level 1:colcon.colcon_core.package_identification:_identify(build) ignored
[0.080s] Level 1:colcon.colcon_core.package_identification:_identify(install) by extensions ['ignore', 'ignore_ament_install']
[0.080s] Level 1:colcon.colcon_core.package_identification:_identify(install) by extension 'ignore'
[0.080s] Level 1:colcon.colcon_core.package_identification:_identify(install) ignored
[0.080s] Level 1:colcon.colcon_core.package_identification:_identify(log) by extensions ['ignore', 'ignore_ament_install']
[0.080s] Level 1:colcon.colcon_core.package_identification:_identify(log) by extension 'ignore'
[0.080s] Level 1:colcon.colcon_core.package_identification:_identify(log) ignored
[0.080s] Level 1:colcon.colcon_core.package_identification:_identify(src) by extensions ['ignore', 'ignore_ament_install']
[0.080s] Level 1:colcon.colcon_core.package_identification:_identify(src) by extension 'ignore'
[0.080s] Level 1:colcon.colcon_core.package_identification:_identify(src) by extension 'ignore_ament_install'
[0.080s] Level 1:colcon.colcon_core.package_identification:_identify(src) by extensions ['colcon_pkg']
[0.080s] Level 1:colcon.colcon_core.package_identification:_identify(src) by extension 'colcon_pkg'
[0.080s] Level 1:colcon.colcon_core.package_identification:_identify(src) by extensions ['colcon_meta']
[0.080s] Level 1:colcon.colcon_core.package_identification:_identify(src) by extension 'colcon_meta'
[0.080s] Level 1:colcon.colcon_core.package_identification:_identify(src) by extensions ['ros']
[0.080s] Level 1:colcon.colcon_core.package_identification:_identify(src) by extension 'ros'
[0.080s] Level 1:colcon.colcon_core.package_identification:_identify(src) by extensions ['cmake', 'python']
[0.080s] Level 1:colcon.colcon_core.package_identification:_identify(src) by extension 'cmake'
[0.081s] Level 1:colcon.colcon_core.package_identification:_identify(src) by extension 'python'
[0.081s] Level 1:colcon.colcon_core.package_identification:_identify(src) by extensions ['python_setup_py']
[0.081s] Level 1:colcon.colcon_core.package_identification:_identify(src) by extension 'python_setup_py'
[0.081s] Level 1:colcon.colcon_core.package_identification:_identify(src/status_interfaces) by extensions ['ignore', 'ignore_ament_install']
[0.081s] Level 1:colcon.colcon_core.package_identification:_identify(src/status_interfaces) by extension 'ignore'
[0.081s] Level 1:colcon.colcon_core.package_identification:_identify(src/status_interfaces) by extension 'ignore_ament_install'
[0.081s] Level 1:colcon.colcon_core.package_identification:_identify(src/status_interfaces) by extensions ['colcon_pkg']
[0.081s] Level 1:colcon.colcon_core.package_identification:_identify(src/status_interfaces) by extension 'colcon_pkg'
[0.081s] Level 1:colcon.colcon_core.package_identification:_identify(src/status_interfaces) by extensions ['colcon_meta']
[0.081s] Level 1:colcon.colcon_core.package_identification:_identify(src/status_interfaces) by extension 'colcon_meta'
[0.081s] Level 1:colcon.colcon_core.package_identification:_identify(src/status_interfaces) by extensions ['ros']
[0.081s] Level 1:colcon.colcon_core.package_identification:_identify(src/status_interfaces) by extension 'ros'
[0.081s] DEBUG:colcon.colcon_core.package_identification:Failed to parse potential ROS package manifest in'src/status_interfaces': Error(s) in package 'src/status_interfaces/package.xml':
The manifest contains invalid XML:
mismatched tag: line 21, column 2
[0.081s] Level 1:colcon.colcon_core.package_identification:_identify(src/status_interfaces) by extensions ['cmake', 'python']
[0.081s] Level 1:colcon.colcon_core.package_identification:_identify(src/status_interfaces) by extension 'cmake'
[0.082s] Level 1:colcon.colcon_core.package_identification:_identify(src/status_interfaces) by extension 'python'
[0.082s] DEBUG:colcon.colcon_core.package_identification:Package 'src/status_interfaces' with type 'cmake' and name 'status_interfaces'
[0.082s] Level 1:colcon.colcon_core.package_discovery:discover_packages(recursive) using defaults
[0.082s] Level 1:colcon.colcon_core.package_discovery:discover_packages(ignore) discover
[0.082s] Level 1:colcon.colcon_core.package_discovery:discover_packages(ignore) using defaults
[0.082s] Level 1:colcon.colcon_core.package_discovery:discover_packages(path) discover
[0.082s] Level 1:colcon.colcon_core.package_discovery:discover_packages(path) using defaults
[0.091s] Level 1:colcon.colcon_core.package_discovery:discover_packages(prefix_path) check parameters
[0.091s] Level 1:colcon.colcon_core.package_discovery:discover_packages(prefix_path) discover
[0.092s] DEBUG:colcon.colcon_installed_package_information.package_discovery:Found 286 installed packages in /opt/ros/jazzy
[0.093s] Level 1:colcon.colcon_core.package_discovery:discover_packages(prefix_path) using defaults
[0.110s] Level 5:colcon.colcon_core.verb:set package 'status_interfaces' build argument 'cmake_args' from command line to 'None'
[0.111s] Level 5:colcon.colcon_core.verb:set package 'status_interfaces' build argument 'cmake_target' from command line to 'None'
[0.111s] Level 5:colcon.colcon_core.verb:set package 'status_interfaces' build argument 'cmake_target_skip_unavailable' from command line to 'False'
[0.111s] Level 5:colcon.colcon_core.verb:set package 'status_interfaces' build argument 'cmake_clean_cache' from command line to 'False'
[0.111s] Level 5:colcon.colcon_core.verb:set package 'status_interfaces' build argument 'cmake_clean_first' from command line to 'False'
[0.111s] Level 5:colcon.colcon_core.verb:set package 'status_interfaces' build argument 'cmake_force_configure' from command line to 'False'
[0.111s] Level 5:colcon.colcon_core.verb:set package 'status_interfaces' build argument 'ament_cmake_args' from command line to 'None'
[0.111s] Level 5:colcon.colcon_core.verb:set package 'status_interfaces' build argument 'catkin_cmake_args' from command line to 'None'
[0.111s] Level 5:colcon.colcon_core.verb:set package 'status_interfaces' build argument 'catkin_skip_building_tests' from command line to 'False'
[0.111s] DEBUG:colcon.colcon_core.verb:Building package 'status_interfaces' with the following arguments: {'ament_cmake_args': None, 'build_base': '/home/nrrr/ros2Learn/mycode/L3/topic_project/build/status_interfaces', 'catkin_cmake_args': None, 'catkin_skip_building_tests': False, 'cmake_args': None, 'cmake_clean_cache': False, 'cmake_clean_first': False, 'cmake_force_configure': False, 'cmake_target': None, 'cmake_target_skip_unavailable': False, 'install_base': '/home/nrrr/ros2Learn/mycode/L3/topic_project/install/status_interfaces', 'merge_install': False, 'path': '/home/nrrr/ros2Learn/mycode/L3/topic_project/src/status_interfaces', 'symlink_install': False, 'test_result_base': None}
[0.111s] INFO:colcon.colcon_core.executor:Executing jobs using 'parallel' executor
[0.111s] DEBUG:colcon.colcon_parallel_executor.executor.parallel:run_until_complete
[0.111s] INFO:colcon.colcon_cmake.task.cmake.build:Building CMake package in '/home/nrrr/ros2Learn/mycode/L3/topic_project/src/status_interfaces'
[0.112s] INFO:colcon.colcon_core.plugin_system:Skipping extension 'colcon_core.shell.bat': Not used on non-Windows systems
[0.112s] INFO:colcon.colcon_core.shell:Skip shell extension 'powershell' for command environment: Not usable outside of PowerShell
[0.112s] DEBUG:colcon.colcon_core.shell:Skip shell extension 'dsv' for command environment
[0.118s] DEBUG:colcon.colcon_core.event_handler.log_command:Invoking command in '/home/nrrr/ros2Learn/mycode/L3/topic_project/build/status_interfaces': DEBUGINFOD_URLS=https://debuginfod.ubuntu.com /usr/bin/cmake /home/nrrr/ros2Learn/mycode/L3/topic_project/src/status_interfaces -DCMAKE_INSTALL_PREFIX=/home/nrrr/ros2Learn/mycode/L3/topic_project/install/status_interfaces
[0.383s] DEBUG:colcon.colcon_core.event_handler.log_command:Invoked command in '/home/nrrr/ros2Learn/mycode/L3/topic_project/build/status_interfaces' returned '1': DEBUGINFOD_URLS=https://debuginfod.ubuntu.com /usr/bin/cmake /home/nrrr/ros2Learn/mycode/L3/topic_project/src/status_interfaces -DCMAKE_INSTALL_PREFIX=/home/nrrr/ros2Learn/mycode/L3/topic_project/install/status_interfaces
[0.393s] DEBUG:colcon.colcon_parallel_executor.executor.parallel:closing loop
[0.393s] DEBUG:colcon.colcon_parallel_executor.executor.parallel:loop closed
[0.394s] DEBUG:colcon.colcon_parallel_executor.executor.parallel:run_until_complete finished with '1'
[0.394s] DEBUG:colcon.colcon_core.event_reactor:joining thread
[0.396s] INFO:colcon.colcon_core.plugin_system:Skipping extension 'colcon_notification.desktop_notification.terminal_notifier': Not used on non-Darwin systems
[0.396s] INFO:colcon.colcon_core.plugin_system:Skipping extension 'colcon_notification.desktop_notification.win32': Not used on non-Windows systems
[0.396s] INFO:colcon.colcon_notification.desktop_notification:Sending desktop notification using 'notify2'
[0.407s] DEBUG:colcon.colcon_core.event_reactor:joined thread
[0.407s] INFO:colcon.colcon_core.shell:Creating prefix script '/home/nrrr/ros2Learn/mycode/L3/topic_project/install/local_setup.ps1'
[0.408s] INFO:colcon.colcon_core.shell:Creating prefix util module '/home/nrrr/ros2Learn/mycode/L3/topic_project/install/_local_setup_util_ps1.py'
[0.409s] INFO:colcon.colcon_core.shell:Creating prefix chain script '/home/nrrr/ros2Learn/mycode/L3/topic_project/install/setup.ps1'
[0.410s] INFO:colcon.colcon_core.shell:Creating prefix script '/home/nrrr/ros2Learn/mycode/L3/topic_project/install/local_setup.sh'
[0.410s] INFO:colcon.colcon_core.shell:Creating prefix util module '/home/nrrr/ros2Learn/mycode/L3/topic_project/install/_local_setup_util_sh.py'
[0.411s] INFO:colcon.colcon_core.shell:Creating prefix chain script '/home/nrrr/ros2Learn/mycode/L3/topic_project/install/setup.sh'
[0.411s] INFO:colcon.colcon_core.shell:Creating prefix script '/home/nrrr/ros2Learn/mycode/L3/topic_project/install/local_setup.bash'
[0.412s] INFO:colcon.colcon_core.shell:Creating prefix chain script '/home/nrrr/ros2Learn/mycode/L3/topic_project/install/setup.bash'
[0.412s] INFO:colcon.colcon_core.shell:Creating prefix script '/home/nrrr/ros2Learn/mycode/L3/topic_project/install/local_setup.zsh'
[0.413s] INFO:colcon.colcon_core.shell:Creating prefix chain script '/home/nrrr/ros2Learn/mycode/L3/topic_project/install/setup.zsh'
