[0.485s] Invoking command in '/home/nrrr/ros2Learn/mycode/L2/L2_ws/src/demo_python_pkg': DEBUGINFOD_URLS=https://debuginfod.ubuntu.com PYTHONPATH=/home/nrrr/ros2Learn/mycode/L2/L2_ws/build/demo_python_pkg/prefix_override:/usr/lib/python3/dist-packages/colcon_core/task/python/colcon_distutils_commands:/home/nrrr/ros2Learn/mycode/L2/L2_ws/install/demo_python_pkg/lib/python3.12/site-packages:${PYTHONPATH} /usr/bin/python3 -W ignore:setup.py install is deprecated -W ignore:easy_install command is deprecated setup.py egg_info --egg-base ../../build/demo_python_pkg build --build-base /home/nrrr/ros2Learn/mycode/L2/L2_ws/build/demo_python_pkg/build install --record /home/nrrr/ros2Learn/mycode/L2/L2_ws/build/demo_python_pkg/install.log --single-version-externally-managed install_data
[0.606s] running egg_info
[0.606s] creating ../../build/demo_python_pkg/demo_python_pkg.egg-info
[0.614s] writing ../../build/demo_python_pkg/demo_python_pkg.egg-info/PKG-INFO
[0.614s] writing dependency_links to ../../build/demo_python_pkg/demo_python_pkg.egg-info/dependency_links.txt
[0.614s] writing entry points to ../../build/demo_python_pkg/demo_python_pkg.egg-info/entry_points.txt
[0.614s] writing requirements to ../../build/demo_python_pkg/demo_python_pkg.egg-info/requires.txt
[0.614s] writing top-level names to ../../build/demo_python_pkg/demo_python_pkg.egg-info/top_level.txt
[0.614s] writing manifest file '../../build/demo_python_pkg/demo_python_pkg.egg-info/SOURCES.txt'
[0.629s] reading manifest file '../../build/demo_python_pkg/demo_python_pkg.egg-info/SOURCES.txt'
[0.630s] adding license file 'LICENSE'
[0.630s] writing manifest file '../../build/demo_python_pkg/demo_python_pkg.egg-info/SOURCES.txt'
[0.630s] running build
[0.630s] running build_py
[0.630s] creating /home/nrrr/ros2Learn/mycode/L2/L2_ws/build/demo_python_pkg/build
[0.630s] creating /home/nrrr/ros2Learn/mycode/L2/L2_ws/build/demo_python_pkg/build/lib
[0.630s] creating /home/nrrr/ros2Learn/mycode/L2/L2_ws/build/demo_python_pkg/build/lib/demo_python_pkg
[0.630s] copying demo_python_pkg/__init__.py -> /home/nrrr/ros2Learn/mycode/L2/L2_ws/build/demo_python_pkg/build/lib/demo_python_pkg
[0.630s] copying demo_python_pkg/python_node.py -> /home/nrrr/ros2Learn/mycode/L2/L2_ws/build/demo_python_pkg/build/lib/demo_python_pkg
[0.667s] running install
[0.675s] running install_lib
[0.684s] creating /home/nrrr/ros2Learn/mycode/L2/L2_ws/install/demo_python_pkg/lib/python3.12/site-packages/demo_python_pkg
[0.684s] copying /home/nrrr/ros2Learn/mycode/L2/L2_ws/build/demo_python_pkg/build/lib/demo_python_pkg/__init__.py -> /home/nrrr/ros2Learn/mycode/L2/L2_ws/install/demo_python_pkg/lib/python3.12/site-packages/demo_python_pkg
[0.684s] copying /home/nrrr/ros2Learn/mycode/L2/L2_ws/build/demo_python_pkg/build/lib/demo_python_pkg/python_node.py -> /home/nrrr/ros2Learn/mycode/L2/L2_ws/install/demo_python_pkg/lib/python3.12/site-packages/demo_python_pkg
[0.684s] byte-compiling /home/nrrr/ros2Learn/mycode/L2/L2_ws/install/demo_python_pkg/lib/python3.12/site-packages/demo_python_pkg/__init__.py to __init__.cpython-312.pyc
[0.684s] byte-compiling /home/nrrr/ros2Learn/mycode/L2/L2_ws/install/demo_python_pkg/lib/python3.12/site-packages/demo_python_pkg/python_node.py to python_node.cpython-312.pyc
[0.685s] running install_data
[0.685s] creating /home/nrrr/ros2Learn/mycode/L2/L2_ws/install/demo_python_pkg/share/ament_index
[0.685s] creating /home/nrrr/ros2Learn/mycode/L2/L2_ws/install/demo_python_pkg/share/ament_index/resource_index
[0.685s] creating /home/nrrr/ros2Learn/mycode/L2/L2_ws/install/demo_python_pkg/share/ament_index/resource_index/packages
[0.685s] copying resource/demo_python_pkg -> /home/nrrr/ros2Learn/mycode/L2/L2_ws/install/demo_python_pkg/share/ament_index/resource_index/packages
[0.685s] copying package.xml -> /home/nrrr/ros2Learn/mycode/L2/L2_ws/install/demo_python_pkg/share/demo_python_pkg
[0.685s] running install_egg_info
[0.693s] Copying ../../build/demo_python_pkg/demo_python_pkg.egg-info to /home/nrrr/ros2Learn/mycode/L2/L2_ws/install/demo_python_pkg/lib/python3.12/site-packages/demo_python_pkg-0.0.0-py3.12.egg-info
[0.694s] running install_scripts
[0.748s] Installing python_node script to /home/nrrr/ros2Learn/mycode/L2/L2_ws/install/demo_python_pkg/lib/demo_python_pkg
[0.748s] writing list of installed files to '/home/nrrr/ros2Learn/mycode/L2/L2_ws/build/demo_python_pkg/install.log'
[0.762s] Invoked command in '/home/nrrr/ros2Learn/mycode/L2/L2_ws/src/demo_python_pkg' returned '0': DEBUGINFOD_URLS=https://debuginfod.ubuntu.com PYTHONPATH=/home/nrrr/ros2Learn/mycode/L2/L2_ws/build/demo_python_pkg/prefix_override:/usr/lib/python3/dist-packages/colcon_core/task/python/colcon_distutils_commands:/home/nrrr/ros2Learn/mycode/L2/L2_ws/install/demo_python_pkg/lib/python3.12/site-packages:${PYTHONPATH} /usr/bin/python3 -W ignore:setup.py install is deprecated -W ignore:easy_install command is deprecated setup.py egg_info --egg-base ../../build/demo_python_pkg build --build-base /home/nrrr/ros2Learn/mycode/L2/L2_ws/build/demo_python_pkg/build install --record /home/nrrr/ros2Learn/mycode/L2/L2_ws/build/demo_python_pkg/install.log --single-version-externally-managed install_data
